20-Nov-2023 21:13:34.436 信息 [main] org.apache.catalina.startup.VersionLoggerListener.log Server.服务器版本: Apache Tomcat/9.0.54
20-Nov-2023 21:13:34.440 信息 [main] org.apache.catalina.startup.VersionLoggerListener.log 服务器构建:        Sep 28 2021 13:51:49 UTC
20-Nov-2023 21:13:34.440 信息 [main] org.apache.catalina.startup.VersionLoggerListener.log 服务器版本号:      9.0.54.0
20-Nov-2023 21:13:34.440 信息 [main] org.apache.catalina.startup.VersionLoggerListener.log 操作系统名称:      Windows 10
20-Nov-2023 21:13:34.440 信息 [main] org.apache.catalina.startup.VersionLoggerListener.log OS.版本:           10.0
20-Nov-2023 21:13:34.440 信息 [main] org.apache.catalina.startup.VersionLoggerListener.log 架构:              amd64
20-Nov-2023 21:13:34.440 信息 [main] org.apache.catalina.startup.VersionLoggerListener.log Java 环境变量:     C:\Program Files\Microsoft\jdk-11.0.16.101-hotspot
20-Nov-2023 21:13:34.440 信息 [main] org.apache.catalina.startup.VersionLoggerListener.log Java虚拟机版本:    11.0.16.1+1-LTS
20-Nov-2023 21:13:34.441 信息 [main] org.apache.catalina.startup.VersionLoggerListener.log JVM.供应商:        Microsoft
20-Nov-2023 21:13:34.441 信息 [main] org.apache.catalina.startup.VersionLoggerListener.log CATALINA_BASE:     C:\Users\86135\Desktop\javaee大作业\gymmanage
20-Nov-2023 21:13:34.441 信息 [main] org.apache.catalina.startup.VersionLoggerListener.log CATALINA_HOME:     C:\Program Files\Apache Software Foundation\Tomcat 9.0
20-Nov-2023 21:13:34.451 信息 [main] org.apache.catalina.startup.VersionLoggerListener.log 命令行参数：       --add-opens=java.base/java.lang=ALL-UNNAMED
20-Nov-2023 21:13:34.451 信息 [main] org.apache.catalina.startup.VersionLoggerListener.log 命令行参数：       --add-opens=java.base/java.io=ALL-UNNAMED
20-Nov-2023 21:13:34.451 信息 [main] org.apache.catalina.startup.VersionLoggerListener.log 命令行参数：       --add-opens=java.base/java.util=ALL-UNNAMED
20-Nov-2023 21:13:34.451 信息 [main] org.apache.catalina.startup.VersionLoggerListener.log 命令行参数：       --add-opens=java.base/java.util.concurrent=ALL-UNNAMED
20-Nov-2023 21:13:34.451 信息 [main] org.apache.catalina.startup.VersionLoggerListener.log 命令行参数：       --add-opens=java.rmi/sun.rmi.transport=ALL-UNNAMED
20-Nov-2023 21:13:34.451 信息 [main] org.apache.catalina.startup.VersionLoggerListener.log 命令行参数：       -Dcatalina.home=C:\Program Files\Apache Software Foundation\Tomcat 9.0
20-Nov-2023 21:13:34.451 信息 [main] org.apache.catalina.startup.VersionLoggerListener.log 命令行参数：       -Dcatalina.base=C:\Users\86135\Desktop\javaee大作业\gymmanage
20-Nov-2023 21:13:34.452 信息 [main] org.apache.catalina.startup.VersionLoggerListener.log 命令行参数：       -Djava.io.tmpdir=C:\Users\86135\Desktop\javaee大作业\gymmanage\temp
20-Nov-2023 21:13:34.452 信息 [main] org.apache.catalina.startup.VersionLoggerListener.log 命令行参数：       -Djava.util.logging.config.file=C:\Users\86135\Desktop\javaee大作业\gymmanage\conf\logging.properties
20-Nov-2023 21:13:34.452 信息 [main] org.apache.catalina.startup.VersionLoggerListener.log 命令行参数：       -Djava.util.logging.manager=org.apache.juli.ClassLoaderLogManager
20-Nov-2023 21:13:34.452 信息 [main] org.apache.catalina.startup.VersionLoggerListener.log 命令行参数：       -javaagent:C:\Program Files\JetBrains\IntelliJ IDEA Community Edition 2023.2.1\lib\idea_rt.jar=50693:C:\Program Files\JetBrains\IntelliJ IDEA Community Edition 2023.2.1\bin
20-Nov-2023 21:13:34.452 信息 [main] org.apache.catalina.startup.VersionLoggerListener.log 命令行参数：       -Dfile.encoding=UTF-8
20-Nov-2023 21:13:34.462 信息 [main] org.apache.catalina.core.AprLifecycleListener.lifecycleEvent 在java.library.path:[C:\Program Files\Microsoft\jdk-11.0.16.101-hotspot\bin;C:\WINDOWS\Sun\Java\bin;C:\WINDOWS\system32;C:\WINDOWS;C:\Program Files\Microsoft\jdk-11.0.16.101-hotspot\bin;C:\Program Files\PlasticSCM5\server;C:\Program Files\PlasticSCM5\client;C:\Program Files (x86)\Common Files\Oracle\Java\javapath;C:\windows\system32;C:\windows;C:\windows\System32\Wbem;C:\windows\System32\WindowsPowerShell\v1.0\;C:\windows\System32\OpenSSH\;C:\Program Files (x86)\NVIDIA Corporation\PhysX\Common;C:\Program Files\NVIDIA Corporation\NVIDIA NvDLISR;C:\WINDOWS\system32;C:\WINDOWS;C:\WINDOWS\System32\Wbem;C:\WINDOWS\System32\WindowsPowerShell\v1.0\;C:\WINDOWS\System32\OpenSSH\;C:\Program Files\Java\jdk1.8.0_221\bin;C:\Program Files\Bandizip\;C:\Program Files\Microsoft SQL Server\150\Tools\Binn\;C:\Program Files\Microsoft SQL Server\Client SDK\ODBC\170\Tools\Binn\;C:\Program Files\dotnet\;\Users\86135\Desktop\mysql-8.0.34-winx64\bin;C:\Users\86135\Desktop\javaee学习\Git\cmd;C:\Users\86135\Desktop\人工智能大作业2\Scripts\;C:\Users\86135\Desktop\人工智能大作业2\;C:\Users\86135\AppData\Local\Microsoft\WindowsApps;C:\Users\86135\AppData\Local\Programs\Microsoft VS Code\bin;C:\Program Files (x86)\Tencent\QQGameTempest\Hall.57814\;C:\Program Files\JetBrains\PyCharm Community Edition 2022.3\bin;;C:\Users\86135\.dotnet\tools;C:\Program Files\JetBrains\IntelliJ IDEA Community Edition 2023.2.1\bin;;C:\Users\86135\AppData\Local\Android\Sdk\platform-tools;C:\Users\86135\AppData\Local\Android\Sdk\tools;C:\Users\86135\AppData\Local\GitHubDesktop\bin;.]上找不到基于APR的Apache Tomcat本机库，该库允许在生产环境中获得最佳性能
20-Nov-2023 21:13:34.708 信息 [main] org.apache.coyote.AbstractProtocol.init 初始化协议处理器 ["http-nio-8080"]
20-Nov-2023 21:13:34.724 信息 [main] org.apache.catalina.startup.Catalina.load 服务器在[479]毫秒内初始化
20-Nov-2023 21:13:34.780 信息 [main] org.apache.catalina.core.StandardService.startInternal 正在启动服务[Catalina]
20-Nov-2023 21:13:34.780 信息 [main] org.apache.catalina.core.StandardEngine.startInternal 正在启动 Servlet 引擎：[Apache Tomcat/9.0.54]
20-Nov-2023 21:13:34.791 信息 [main] org.apache.coyote.AbstractProtocol.start 开始协议处理句柄["http-nio-8080"]
20-Nov-2023 21:13:35.624 信息 [main] org.apache.catalina.startup.Catalina.start [899]毫秒后服务器启动
20-Nov-2023 21:14:48.584 信息 [Thread-2] org.apache.coyote.AbstractProtocol.pause 暂停ProtocolHandler["http-nio-8080"]
20-Nov-2023 21:14:49.047 信息 [Thread-2] org.apache.catalina.core.StandardService.stopInternal 正在停止服务[Catalina]
20-Nov-2023 21:14:49.049 信息 [Thread-2] org.apache.coyote.AbstractProtocol.stop 正在停止ProtocolHandler ["http-nio-8080"]
20-Nov-2023 21:14:49.093 信息 [Thread-2] org.apache.coyote.AbstractProtocol.destroy 正在摧毁协议处理器 ["http-nio-8080"]
20-Nov-2023 21:14:54.528 信息 [main] org.apache.catalina.startup.VersionLoggerListener.log Server.服务器版本: Apache Tomcat/9.0.54
20-Nov-2023 21:14:54.532 信息 [main] org.apache.catalina.startup.VersionLoggerListener.log 服务器构建:        Sep 28 2021 13:51:49 UTC
20-Nov-2023 21:14:54.532 信息 [main] org.apache.catalina.startup.VersionLoggerListener.log 服务器版本号:      9.0.54.0
20-Nov-2023 21:14:54.532 信息 [main] org.apache.catalina.startup.VersionLoggerListener.log 操作系统名称:      Windows 10
20-Nov-2023 21:14:54.532 信息 [main] org.apache.catalina.startup.VersionLoggerListener.log OS.版本:           10.0
20-Nov-2023 21:14:54.532 信息 [main] org.apache.catalina.startup.VersionLoggerListener.log 架构:              amd64
20-Nov-2023 21:14:54.532 信息 [main] org.apache.catalina.startup.VersionLoggerListener.log Java 环境变量:     C:\Program Files\Microsoft\jdk-11.0.16.101-hotspot
20-Nov-2023 21:14:54.532 信息 [main] org.apache.catalina.startup.VersionLoggerListener.log Java虚拟机版本:    11.0.16.1+1-LTS
20-Nov-2023 21:14:54.532 信息 [main] org.apache.catalina.startup.VersionLoggerListener.log JVM.供应商:        Microsoft
20-Nov-2023 21:14:54.532 信息 [main] org.apache.catalina.startup.VersionLoggerListener.log CATALINA_BASE:     C:\Users\86135\Desktop\javaee大作业\gymmanage
20-Nov-2023 21:14:54.532 信息 [main] org.apache.catalina.startup.VersionLoggerListener.log CATALINA_HOME:     C:\Program Files\Apache Software Foundation\Tomcat 9.0
20-Nov-2023 21:14:54.542 信息 [main] org.apache.catalina.startup.VersionLoggerListener.log 命令行参数：       --add-opens=java.base/java.lang=ALL-UNNAMED
20-Nov-2023 21:14:54.542 信息 [main] org.apache.catalina.startup.VersionLoggerListener.log 命令行参数：       --add-opens=java.base/java.io=ALL-UNNAMED
20-Nov-2023 21:14:54.543 信息 [main] org.apache.catalina.startup.VersionLoggerListener.log 命令行参数：       --add-opens=java.base/java.util=ALL-UNNAMED
20-Nov-2023 21:14:54.543 信息 [main] org.apache.catalina.startup.VersionLoggerListener.log 命令行参数：       --add-opens=java.base/java.util.concurrent=ALL-UNNAMED
20-Nov-2023 21:14:54.543 信息 [main] org.apache.catalina.startup.VersionLoggerListener.log 命令行参数：       --add-opens=java.rmi/sun.rmi.transport=ALL-UNNAMED
20-Nov-2023 21:14:54.543 信息 [main] org.apache.catalina.startup.VersionLoggerListener.log 命令行参数：       -Dcatalina.home=C:\Program Files\Apache Software Foundation\Tomcat 9.0
20-Nov-2023 21:14:54.543 信息 [main] org.apache.catalina.startup.VersionLoggerListener.log 命令行参数：       -Dcatalina.base=C:\Users\86135\Desktop\javaee大作业\gymmanage
20-Nov-2023 21:14:54.543 信息 [main] org.apache.catalina.startup.VersionLoggerListener.log 命令行参数：       -Djava.io.tmpdir=C:\Users\86135\Desktop\javaee大作业\gymmanage\temp
20-Nov-2023 21:14:54.543 信息 [main] org.apache.catalina.startup.VersionLoggerListener.log 命令行参数：       -Djava.util.logging.config.file=C:\Users\86135\Desktop\javaee大作业\gymmanage\conf\logging.properties
20-Nov-2023 21:14:54.543 信息 [main] org.apache.catalina.startup.VersionLoggerListener.log 命令行参数：       -Djava.util.logging.manager=org.apache.juli.ClassLoaderLogManager
20-Nov-2023 21:14:54.543 信息 [main] org.apache.catalina.startup.VersionLoggerListener.log 命令行参数：       -javaagent:C:\Program Files\JetBrains\IntelliJ IDEA Community Edition 2023.2.1\lib\idea_rt.jar=50751:C:\Program Files\JetBrains\IntelliJ IDEA Community Edition 2023.2.1\bin
20-Nov-2023 21:14:54.543 信息 [main] org.apache.catalina.startup.VersionLoggerListener.log 命令行参数：       -Dfile.encoding=UTF-8
20-Nov-2023 21:14:54.550 信息 [main] org.apache.catalina.core.AprLifecycleListener.lifecycleEvent 在java.library.path:[C:\Program Files\Microsoft\jdk-11.0.16.101-hotspot\bin;C:\WINDOWS\Sun\Java\bin;C:\WINDOWS\system32;C:\WINDOWS;C:\Program Files\Microsoft\jdk-11.0.16.101-hotspot\bin;C:\Program Files\PlasticSCM5\server;C:\Program Files\PlasticSCM5\client;C:\Program Files (x86)\Common Files\Oracle\Java\javapath;C:\windows\system32;C:\windows;C:\windows\System32\Wbem;C:\windows\System32\WindowsPowerShell\v1.0\;C:\windows\System32\OpenSSH\;C:\Program Files (x86)\NVIDIA Corporation\PhysX\Common;C:\Program Files\NVIDIA Corporation\NVIDIA NvDLISR;C:\WINDOWS\system32;C:\WINDOWS;C:\WINDOWS\System32\Wbem;C:\WINDOWS\System32\WindowsPowerShell\v1.0\;C:\WINDOWS\System32\OpenSSH\;C:\Program Files\Java\jdk1.8.0_221\bin;C:\Program Files\Bandizip\;C:\Program Files\Microsoft SQL Server\150\Tools\Binn\;C:\Program Files\Microsoft SQL Server\Client SDK\ODBC\170\Tools\Binn\;C:\Program Files\dotnet\;\Users\86135\Desktop\mysql-8.0.34-winx64\bin;C:\Users\86135\Desktop\javaee学习\Git\cmd;C:\Users\86135\Desktop\人工智能大作业2\Scripts\;C:\Users\86135\Desktop\人工智能大作业2\;C:\Users\86135\AppData\Local\Microsoft\WindowsApps;C:\Users\86135\AppData\Local\Programs\Microsoft VS Code\bin;C:\Program Files (x86)\Tencent\QQGameTempest\Hall.57814\;C:\Program Files\JetBrains\PyCharm Community Edition 2022.3\bin;;C:\Users\86135\.dotnet\tools;C:\Program Files\JetBrains\IntelliJ IDEA Community Edition 2023.2.1\bin;;C:\Users\86135\AppData\Local\Android\Sdk\platform-tools;C:\Users\86135\AppData\Local\Android\Sdk\tools;C:\Users\86135\AppData\Local\GitHubDesktop\bin;.]上找不到基于APR的Apache Tomcat本机库，该库允许在生产环境中获得最佳性能
20-Nov-2023 21:14:54.780 信息 [main] org.apache.coyote.AbstractProtocol.init 初始化协议处理器 ["http-nio-8080"]
20-Nov-2023 21:14:54.797 信息 [main] org.apache.catalina.startup.Catalina.load 服务器在[454]毫秒内初始化
20-Nov-2023 21:14:54.845 信息 [main] org.apache.catalina.core.StandardService.startInternal 正在启动服务[Catalina]
20-Nov-2023 21:14:54.845 信息 [main] org.apache.catalina.core.StandardEngine.startInternal 正在启动 Servlet 引擎：[Apache Tomcat/9.0.54]
20-Nov-2023 21:14:54.857 信息 [main] org.apache.coyote.AbstractProtocol.start 开始协议处理句柄["http-nio-8080"]
20-Nov-2023 21:15:59.281 信息 [main] org.apache.catalina.startup.VersionLoggerListener.log Server.服务器版本: Apache Tomcat/9.0.54
20-Nov-2023 21:15:59.284 信息 [main] org.apache.catalina.startup.VersionLoggerListener.log 服务器构建:        Sep 28 2021 13:51:49 UTC
20-Nov-2023 21:15:59.284 信息 [main] org.apache.catalina.startup.VersionLoggerListener.log 服务器版本号:      9.0.54.0
20-Nov-2023 21:15:59.284 信息 [main] org.apache.catalina.startup.VersionLoggerListener.log 操作系统名称:      Windows 10
20-Nov-2023 21:15:59.284 信息 [main] org.apache.catalina.startup.VersionLoggerListener.log OS.版本:           10.0
20-Nov-2023 21:15:59.284 信息 [main] org.apache.catalina.startup.VersionLoggerListener.log 架构:              amd64
20-Nov-2023 21:15:59.284 信息 [main] org.apache.catalina.startup.VersionLoggerListener.log Java 环境变量:     C:\Program Files\Microsoft\jdk-11.0.16.101-hotspot
20-Nov-2023 21:15:59.284 信息 [main] org.apache.catalina.startup.VersionLoggerListener.log Java虚拟机版本:    11.0.16.1+1-LTS
20-Nov-2023 21:15:59.284 信息 [main] org.apache.catalina.startup.VersionLoggerListener.log JVM.供应商:        Microsoft
20-Nov-2023 21:15:59.284 信息 [main] org.apache.catalina.startup.VersionLoggerListener.log CATALINA_BASE:     C:\Users\86135\Desktop\javaee大作业\gymmanage
20-Nov-2023 21:15:59.284 信息 [main] org.apache.catalina.startup.VersionLoggerListener.log CATALINA_HOME:     C:\Program Files\Apache Software Foundation\Tomcat 9.0
20-Nov-2023 21:15:59.297 信息 [main] org.apache.catalina.startup.VersionLoggerListener.log 命令行参数：       --add-opens=java.base/java.lang=ALL-UNNAMED
20-Nov-2023 21:15:59.297 信息 [main] org.apache.catalina.startup.VersionLoggerListener.log 命令行参数：       --add-opens=java.base/java.io=ALL-UNNAMED
20-Nov-2023 21:15:59.297 信息 [main] org.apache.catalina.startup.VersionLoggerListener.log 命令行参数：       --add-opens=java.base/java.util=ALL-UNNAMED
20-Nov-2023 21:15:59.297 信息 [main] org.apache.catalina.startup.VersionLoggerListener.log 命令行参数：       --add-opens=java.base/java.util.concurrent=ALL-UNNAMED
20-Nov-2023 21:15:59.298 信息 [main] org.apache.catalina.startup.VersionLoggerListener.log 命令行参数：       --add-opens=java.rmi/sun.rmi.transport=ALL-UNNAMED
20-Nov-2023 21:15:59.298 信息 [main] org.apache.catalina.startup.VersionLoggerListener.log 命令行参数：       -Dcatalina.home=C:\Program Files\Apache Software Foundation\Tomcat 9.0
20-Nov-2023 21:15:59.298 信息 [main] org.apache.catalina.startup.VersionLoggerListener.log 命令行参数：       -Dcatalina.base=C:\Users\86135\Desktop\javaee大作业\gymmanage
20-Nov-2023 21:15:59.298 信息 [main] org.apache.catalina.startup.VersionLoggerListener.log 命令行参数：       -Djava.io.tmpdir=C:\Users\86135\Desktop\javaee大作业\gymmanage\temp
20-Nov-2023 21:15:59.298 信息 [main] org.apache.catalina.startup.VersionLoggerListener.log 命令行参数：       -Djava.util.logging.config.file=C:\Users\86135\Desktop\javaee大作业\gymmanage\conf\logging.properties
20-Nov-2023 21:15:59.298 信息 [main] org.apache.catalina.startup.VersionLoggerListener.log 命令行参数：       -Djava.util.logging.manager=org.apache.juli.ClassLoaderLogManager
20-Nov-2023 21:15:59.298 信息 [main] org.apache.catalina.startup.VersionLoggerListener.log 命令行参数：       -javaagent:C:\Program Files\JetBrains\IntelliJ IDEA Community Edition 2023.2.1\lib\idea_rt.jar=50766:C:\Program Files\JetBrains\IntelliJ IDEA Community Edition 2023.2.1\bin
20-Nov-2023 21:15:59.298 信息 [main] org.apache.catalina.startup.VersionLoggerListener.log 命令行参数：       -Dfile.encoding=UTF-8
20-Nov-2023 21:15:59.306 信息 [main] org.apache.catalina.core.AprLifecycleListener.lifecycleEvent 在java.library.path:[C:\Program Files\Microsoft\jdk-11.0.16.101-hotspot\bin;C:\WINDOWS\Sun\Java\bin;C:\WINDOWS\system32;C:\WINDOWS;C:\Program Files\Microsoft\jdk-11.0.16.101-hotspot\bin;C:\Program Files\PlasticSCM5\server;C:\Program Files\PlasticSCM5\client;C:\Program Files (x86)\Common Files\Oracle\Java\javapath;C:\windows\system32;C:\windows;C:\windows\System32\Wbem;C:\windows\System32\WindowsPowerShell\v1.0\;C:\windows\System32\OpenSSH\;C:\Program Files (x86)\NVIDIA Corporation\PhysX\Common;C:\Program Files\NVIDIA Corporation\NVIDIA NvDLISR;C:\WINDOWS\system32;C:\WINDOWS;C:\WINDOWS\System32\Wbem;C:\WINDOWS\System32\WindowsPowerShell\v1.0\;C:\WINDOWS\System32\OpenSSH\;C:\Program Files\Java\jdk1.8.0_221\bin;C:\Program Files\Bandizip\;C:\Program Files\Microsoft SQL Server\150\Tools\Binn\;C:\Program Files\Microsoft SQL Server\Client SDK\ODBC\170\Tools\Binn\;C:\Program Files\dotnet\;\Users\86135\Desktop\mysql-8.0.34-winx64\bin;C:\Users\86135\Desktop\javaee学习\Git\cmd;C:\Users\86135\Desktop\人工智能大作业2\Scripts\;C:\Users\86135\Desktop\人工智能大作业2\;C:\Users\86135\AppData\Local\Microsoft\WindowsApps;C:\Users\86135\AppData\Local\Programs\Microsoft VS Code\bin;C:\Program Files (x86)\Tencent\QQGameTempest\Hall.57814\;C:\Program Files\JetBrains\PyCharm Community Edition 2022.3\bin;;C:\Users\86135\.dotnet\tools;C:\Program Files\JetBrains\IntelliJ IDEA Community Edition 2023.2.1\bin;;C:\Users\86135\AppData\Local\Android\Sdk\platform-tools;C:\Users\86135\AppData\Local\Android\Sdk\tools;C:\Users\86135\AppData\Local\GitHubDesktop\bin;.]上找不到基于APR的Apache Tomcat本机库，该库允许在生产环境中获得最佳性能
20-Nov-2023 21:15:59.540 信息 [main] org.apache.coyote.AbstractProtocol.init 初始化协议处理器 ["http-nio-8080"]
20-Nov-2023 21:15:59.558 信息 [main] org.apache.catalina.startup.Catalina.load 服务器在[461]毫秒内初始化
20-Nov-2023 21:15:59.609 信息 [main] org.apache.catalina.core.StandardService.startInternal 正在启动服务[Catalina]
20-Nov-2023 21:15:59.609 信息 [main] org.apache.catalina.core.StandardEngine.startInternal 正在启动 Servlet 引擎：[Apache Tomcat/9.0.54]
20-Nov-2023 21:15:59.619 信息 [main] org.apache.catalina.startup.HostConfig.deployDescriptor 正在部署部署描述符[C:\Users\86135\Desktop\javaee大作业\gymmanage\conf\Catalina\localhost\gymmanage.xml]。
20-Nov-2023 21:16:05.528 信息 [main] org.apache.jasper.servlet.TldScanner.scanJars 至少有一个JAR被扫描用于TLD但尚未包含TLD。 为此记录器启用调试日志记录，以获取已扫描但未在其中找到TLD的完整JAR列表。 在扫描期间跳过不需要的JAR可以缩短启动时间和JSP编译时间。
20-Nov-2023 21:16:06.152 警告 [main] org.apache.catalina.util.SessionIdGeneratorBase.createSecureRandom 使用[SHA1PRNG]创建会话ID生成的SecureRandom实例花费了[463]毫秒。
20-Nov-2023 21:16:06.173 信息 [main] org.apache.catalina.startup.HostConfig.deployDescriptor 部署描述符[C:\Users\86135\Desktop\javaee大作业\gymmanage\conf\Catalina\localhost\gymmanage.xml]的部署已在[6,554]ms内完成
20-Nov-2023 21:16:06.177 信息 [main] org.apache.coyote.AbstractProtocol.start 开始协议处理句柄["http-nio-8080"]
20-Nov-2023 21:16:06.639 信息 [main] org.apache.catalina.startup.Catalina.start [7080]毫秒后服务器启动
20-Nov-2023 21:21:47.067 信息 [Thread-2] org.apache.coyote.AbstractProtocol.pause 暂停ProtocolHandler["http-nio-8080"]
20-Nov-2023 21:21:47.496 信息 [Thread-2] org.apache.catalina.core.StandardService.stopInternal 正在停止服务[Catalina]
20-Nov-2023 21:21:47.513 警告 [Thread-2] org.apache.catalina.loader.WebappClassLoaderBase.clearReferencesObjectStreamClassCaches 无法清除web应用程序[gymmanage]的ObjectStreamClass$缓存中的软引用
	java.lang.ClassCastException: class java.io.ObjectStreamClass$Caches$1 cannot be cast to class java.util.Map (java.io.ObjectStreamClass$Caches$1 and java.util.Map are in module java.base of loader 'bootstrap')
		at org.apache.catalina.loader.WebappClassLoaderBase.clearCache(WebappClassLoaderBase.java:2325)
		at org.apache.catalina.loader.WebappClassLoaderBase.clearReferencesObjectStreamClassCaches(WebappClassLoaderBase.java:2300)
		at org.apache.catalina.loader.WebappClassLoaderBase.clearReferences(WebappClassLoaderBase.java:1669)
		at org.apache.catalina.loader.WebappClassLoaderBase.stop(WebappClassLoaderBase.java:1597)
		at org.apache.catalina.loader.WebappLoader.stopInternal(WebappLoader.java:463)
		at org.apache.catalina.util.LifecycleBase.stop(LifecycleBase.java:257)
		at org.apache.catalina.core.StandardContext.stopInternal(StandardContext.java:5515)
		at org.apache.catalina.util.LifecycleBase.stop(LifecycleBase.java:257)
		at org.apache.catalina.core.ContainerBase$StopChild.call(ContainerBase.java:1412)
		at org.apache.catalina.core.ContainerBase$StopChild.call(ContainerBase.java:1401)
		at java.base/java.util.concurrent.FutureTask.run(FutureTask.java:264)
		at org.apache.tomcat.util.threads.InlineExecutorService.execute(InlineExecutorService.java:75)
		at java.base/java.util.concurrent.AbstractExecutorService.submit(AbstractExecutorService.java:140)
		at org.apache.catalina.core.ContainerBase.stopInternal(ContainerBase.java:986)
		at org.apache.catalina.util.LifecycleBase.stop(LifecycleBase.java:257)
		at org.apache.catalina.core.ContainerBase$StopChild.call(ContainerBase.java:1412)
		at org.apache.catalina.core.ContainerBase$StopChild.call(ContainerBase.java:1401)
		at java.base/java.util.concurrent.FutureTask.run(FutureTask.java:264)
		at org.apache.tomcat.util.threads.InlineExecutorService.execute(InlineExecutorService.java:75)
		at java.base/java.util.concurrent.AbstractExecutorService.submit(AbstractExecutorService.java:140)
		at org.apache.catalina.core.ContainerBase.stopInternal(ContainerBase.java:986)
		at org.apache.catalina.util.LifecycleBase.stop(LifecycleBase.java:257)
		at org.apache.catalina.core.StandardService.stopInternal(StandardService.java:497)
		at org.apache.catalina.util.LifecycleBase.stop(LifecycleBase.java:257)
		at org.apache.catalina.core.StandardServer.stopInternal(StandardServer.java:979)
		at org.apache.catalina.util.LifecycleBase.stop(LifecycleBase.java:257)
		at org.apache.catalina.startup.Catalina.stop(Catalina.java:849)
		at org.apache.catalina.startup.Catalina$CatalinaShutdownHook.run(Catalina.java:996)
20-Nov-2023 21:21:47.521 信息 [Thread-2] org.apache.coyote.AbstractProtocol.stop 正在停止ProtocolHandler ["http-nio-8080"]
20-Nov-2023 21:21:47.542 信息 [Thread-2] org.apache.coyote.AbstractProtocol.destroy 正在摧毁协议处理器 ["http-nio-8080"]
20-Nov-2023 21:22:00.634 信息 [main] org.apache.catalina.startup.VersionLoggerListener.log Server.服务器版本: Apache Tomcat/9.0.54
20-Nov-2023 21:22:00.640 信息 [main] org.apache.catalina.startup.VersionLoggerListener.log 服务器构建:        Sep 28 2021 13:51:49 UTC
20-Nov-2023 21:22:00.640 信息 [main] org.apache.catalina.startup.VersionLoggerListener.log 服务器版本号:      9.0.54.0
20-Nov-2023 21:22:00.640 信息 [main] org.apache.catalina.startup.VersionLoggerListener.log 操作系统名称:      Windows 10
20-Nov-2023 21:22:00.640 信息 [main] org.apache.catalina.startup.VersionLoggerListener.log OS.版本:           10.0
20-Nov-2023 21:22:00.640 信息 [main] org.apache.catalina.startup.VersionLoggerListener.log 架构:              amd64
20-Nov-2023 21:22:00.640 信息 [main] org.apache.catalina.startup.VersionLoggerListener.log Java 环境变量:     C:\Program Files\Microsoft\jdk-11.0.16.101-hotspot
20-Nov-2023 21:22:00.640 信息 [main] org.apache.catalina.startup.VersionLoggerListener.log Java虚拟机版本:    11.0.16.1+1-LTS
20-Nov-2023 21:22:00.640 信息 [main] org.apache.catalina.startup.VersionLoggerListener.log JVM.供应商:        Microsoft
20-Nov-2023 21:22:00.640 信息 [main] org.apache.catalina.startup.VersionLoggerListener.log CATALINA_BASE:     C:\Users\86135\Desktop\javaee大作业\gymmanage
20-Nov-2023 21:22:00.640 信息 [main] org.apache.catalina.startup.VersionLoggerListener.log CATALINA_HOME:     C:\Program Files\Apache Software Foundation\Tomcat 9.0
20-Nov-2023 21:22:00.654 信息 [main] org.apache.catalina.startup.VersionLoggerListener.log 命令行参数：       --add-opens=java.base/java.lang=ALL-UNNAMED
20-Nov-2023 21:22:00.654 信息 [main] org.apache.catalina.startup.VersionLoggerListener.log 命令行参数：       --add-opens=java.base/java.io=ALL-UNNAMED
20-Nov-2023 21:22:00.654 信息 [main] org.apache.catalina.startup.VersionLoggerListener.log 命令行参数：       --add-opens=java.base/java.util=ALL-UNNAMED
20-Nov-2023 21:22:00.654 信息 [main] org.apache.catalina.startup.VersionLoggerListener.log 命令行参数：       --add-opens=java.base/java.util.concurrent=ALL-UNNAMED
20-Nov-2023 21:22:00.655 信息 [main] org.apache.catalina.startup.VersionLoggerListener.log 命令行参数：       --add-opens=java.rmi/sun.rmi.transport=ALL-UNNAMED
20-Nov-2023 21:22:00.655 信息 [main] org.apache.catalina.startup.VersionLoggerListener.log 命令行参数：       -Dcatalina.home=C:\Program Files\Apache Software Foundation\Tomcat 9.0
20-Nov-2023 21:22:00.655 信息 [main] org.apache.catalina.startup.VersionLoggerListener.log 命令行参数：       -Dcatalina.base=C:\Users\86135\Desktop\javaee大作业\gymmanage
20-Nov-2023 21:22:00.655 信息 [main] org.apache.catalina.startup.VersionLoggerListener.log 命令行参数：       -Djava.io.tmpdir=C:\Users\86135\Desktop\javaee大作业\gymmanage\temp
20-Nov-2023 21:22:00.655 信息 [main] org.apache.catalina.startup.VersionLoggerListener.log 命令行参数：       -Djava.util.logging.config.file=C:\Users\86135\Desktop\javaee大作业\gymmanage\conf\logging.properties
20-Nov-2023 21:22:00.655 信息 [main] org.apache.catalina.startup.VersionLoggerListener.log 命令行参数：       -Djava.util.logging.manager=org.apache.juli.ClassLoaderLogManager
20-Nov-2023 21:22:00.655 信息 [main] org.apache.catalina.startup.VersionLoggerListener.log 命令行参数：       -javaagent:C:\Program Files\JetBrains\IntelliJ IDEA Community Edition 2023.2.1\lib\idea_rt.jar=51128:C:\Program Files\JetBrains\IntelliJ IDEA Community Edition 2023.2.1\bin
20-Nov-2023 21:22:00.655 信息 [main] org.apache.catalina.startup.VersionLoggerListener.log 命令行参数：       -Dfile.encoding=UTF-8
20-Nov-2023 21:22:00.669 信息 [main] org.apache.catalina.core.AprLifecycleListener.lifecycleEvent 在java.library.path:[C:\Program Files\Microsoft\jdk-11.0.16.101-hotspot\bin;C:\WINDOWS\Sun\Java\bin;C:\WINDOWS\system32;C:\WINDOWS;C:\Program Files\Microsoft\jdk-11.0.16.101-hotspot\bin;C:\Program Files\PlasticSCM5\server;C:\Program Files\PlasticSCM5\client;C:\Program Files (x86)\Common Files\Oracle\Java\javapath;C:\windows\system32;C:\windows;C:\windows\System32\Wbem;C:\windows\System32\WindowsPowerShell\v1.0\;C:\windows\System32\OpenSSH\;C:\Program Files (x86)\NVIDIA Corporation\PhysX\Common;C:\Program Files\NVIDIA Corporation\NVIDIA NvDLISR;C:\WINDOWS\system32;C:\WINDOWS;C:\WINDOWS\System32\Wbem;C:\WINDOWS\System32\WindowsPowerShell\v1.0\;C:\WINDOWS\System32\OpenSSH\;C:\Program Files\Java\jdk1.8.0_221\bin;C:\Program Files\Bandizip\;C:\Program Files\Microsoft SQL Server\150\Tools\Binn\;C:\Program Files\Microsoft SQL Server\Client SDK\ODBC\170\Tools\Binn\;C:\Program Files\dotnet\;\Users\86135\Desktop\mysql-8.0.34-winx64\bin;C:\Users\86135\Desktop\javaee学习\Git\cmd;C:\Users\86135\Desktop\人工智能大作业2\Scripts\;C:\Users\86135\Desktop\人工智能大作业2\;C:\Users\86135\AppData\Local\Microsoft\WindowsApps;C:\Users\86135\AppData\Local\Programs\Microsoft VS Code\bin;C:\Program Files (x86)\Tencent\QQGameTempest\Hall.57814\;C:\Program Files\JetBrains\PyCharm Community Edition 2022.3\bin;;C:\Users\86135\.dotnet\tools;C:\Program Files\JetBrains\IntelliJ IDEA Community Edition 2023.2.1\bin;;C:\Users\86135\AppData\Local\Android\Sdk\platform-tools;C:\Users\86135\AppData\Local\Android\Sdk\tools;C:\Users\86135\AppData\Local\GitHubDesktop\bin;.]上找不到基于APR的Apache Tomcat本机库，该库允许在生产环境中获得最佳性能
20-Nov-2023 21:22:00.980 信息 [main] org.apache.coyote.AbstractProtocol.init 初始化协议处理器 ["http-nio-8080"]
20-Nov-2023 21:22:00.999 信息 [main] org.apache.catalina.startup.Catalina.load 服务器在[626]毫秒内初始化
20-Nov-2023 21:22:01.066 信息 [main] org.apache.catalina.core.StandardService.startInternal 正在启动服务[Catalina]
20-Nov-2023 21:22:01.067 信息 [main] org.apache.catalina.core.StandardEngine.startInternal 正在启动 Servlet 引擎：[Apache Tomcat/9.0.54]
20-Nov-2023 21:22:01.082 信息 [main] org.apache.catalina.startup.HostConfig.deployDescriptor 正在部署部署描述符[C:\Users\86135\Desktop\javaee大作业\gymmanage\conf\Catalina\localhost\gymmanage.xml]。
20-Nov-2023 21:22:06.627 信息 [main] org.apache.jasper.servlet.TldScanner.scanJars 至少有一个JAR被扫描用于TLD但尚未包含TLD。 为此记录器启用调试日志记录，以获取已扫描但未在其中找到TLD的完整JAR列表。 在扫描期间跳过不需要的JAR可以缩短启动时间和JSP编译时间。
20-Nov-2023 21:22:07.243 警告 [main] org.apache.catalina.util.SessionIdGeneratorBase.createSecureRandom 使用[SHA1PRNG]创建会话ID生成的SecureRandom实例花费了[469]毫秒。
20-Nov-2023 21:22:07.265 信息 [main] org.apache.catalina.startup.HostConfig.deployDescriptor 部署描述符[C:\Users\86135\Desktop\javaee大作业\gymmanage\conf\Catalina\localhost\gymmanage.xml]的部署已在[6,182]ms内完成
20-Nov-2023 21:22:07.268 信息 [main] org.apache.coyote.AbstractProtocol.start 开始协议处理句柄["http-nio-8080"]
20-Nov-2023 21:22:07.725 信息 [main] org.apache.catalina.startup.Catalina.start [6725]毫秒后服务器启动
20-Nov-2023 21:30:49.866 信息 [Thread-2] org.apache.coyote.AbstractProtocol.pause 暂停ProtocolHandler["http-nio-8080"]
20-Nov-2023 21:30:50.309 信息 [Thread-2] org.apache.catalina.core.StandardService.stopInternal 正在停止服务[Catalina]
20-Nov-2023 21:30:50.326 警告 [Thread-2] org.apache.catalina.loader.WebappClassLoaderBase.clearReferencesObjectStreamClassCaches 无法清除web应用程序[gymmanage]的ObjectStreamClass$缓存中的软引用
	java.lang.ClassCastException: class java.io.ObjectStreamClass$Caches$1 cannot be cast to class java.util.Map (java.io.ObjectStreamClass$Caches$1 and java.util.Map are in module java.base of loader 'bootstrap')
		at org.apache.catalina.loader.WebappClassLoaderBase.clearCache(WebappClassLoaderBase.java:2325)
		at org.apache.catalina.loader.WebappClassLoaderBase.clearReferencesObjectStreamClassCaches(WebappClassLoaderBase.java:2300)
		at org.apache.catalina.loader.WebappClassLoaderBase.clearReferences(WebappClassLoaderBase.java:1669)
		at org.apache.catalina.loader.WebappClassLoaderBase.stop(WebappClassLoaderBase.java:1597)
		at org.apache.catalina.loader.WebappLoader.stopInternal(WebappLoader.java:463)
		at org.apache.catalina.util.LifecycleBase.stop(LifecycleBase.java:257)
		at org.apache.catalina.core.StandardContext.stopInternal(StandardContext.java:5515)
		at org.apache.catalina.util.LifecycleBase.stop(LifecycleBase.java:257)
		at org.apache.catalina.core.ContainerBase$StopChild.call(ContainerBase.java:1412)
		at org.apache.catalina.core.ContainerBase$StopChild.call(ContainerBase.java:1401)
		at java.base/java.util.concurrent.FutureTask.run(FutureTask.java:264)
		at org.apache.tomcat.util.threads.InlineExecutorService.execute(InlineExecutorService.java:75)
		at java.base/java.util.concurrent.AbstractExecutorService.submit(AbstractExecutorService.java:140)
		at org.apache.catalina.core.ContainerBase.stopInternal(ContainerBase.java:986)
		at org.apache.catalina.util.LifecycleBase.stop(LifecycleBase.java:257)
		at org.apache.catalina.core.ContainerBase$StopChild.call(ContainerBase.java:1412)
		at org.apache.catalina.core.ContainerBase$StopChild.call(ContainerBase.java:1401)
		at java.base/java.util.concurrent.FutureTask.run(FutureTask.java:264)
		at org.apache.tomcat.util.threads.InlineExecutorService.execute(InlineExecutorService.java:75)
		at java.base/java.util.concurrent.AbstractExecutorService.submit(AbstractExecutorService.java:140)
		at org.apache.catalina.core.ContainerBase.stopInternal(ContainerBase.java:986)
		at org.apache.catalina.util.LifecycleBase.stop(LifecycleBase.java:257)
		at org.apache.catalina.core.StandardService.stopInternal(StandardService.java:497)
		at org.apache.catalina.util.LifecycleBase.stop(LifecycleBase.java:257)
		at org.apache.catalina.core.StandardServer.stopInternal(StandardServer.java:979)
		at org.apache.catalina.util.LifecycleBase.stop(LifecycleBase.java:257)
		at org.apache.catalina.startup.Catalina.stop(Catalina.java:849)
		at org.apache.catalina.startup.Catalina$CatalinaShutdownHook.run(Catalina.java:996)
20-Nov-2023 21:30:50.333 信息 [Thread-2] org.apache.coyote.AbstractProtocol.stop 正在停止ProtocolHandler ["http-nio-8080"]
20-Nov-2023 21:30:50.357 信息 [Thread-2] org.apache.coyote.AbstractProtocol.destroy 正在摧毁协议处理器 ["http-nio-8080"]
20-Nov-2023 21:35:57.813 信息 [main] org.apache.catalina.startup.VersionLoggerListener.log Server.服务器版本: Apache Tomcat/9.0.54
20-Nov-2023 21:35:57.816 信息 [main] org.apache.catalina.startup.VersionLoggerListener.log 服务器构建:        Sep 28 2021 13:51:49 UTC
20-Nov-2023 21:35:57.816 信息 [main] org.apache.catalina.startup.VersionLoggerListener.log 服务器版本号:      9.0.54.0
20-Nov-2023 21:35:57.816 信息 [main] org.apache.catalina.startup.VersionLoggerListener.log 操作系统名称:      Windows 10
20-Nov-2023 21:35:57.816 信息 [main] org.apache.catalina.startup.VersionLoggerListener.log OS.版本:           10.0
20-Nov-2023 21:35:57.816 信息 [main] org.apache.catalina.startup.VersionLoggerListener.log 架构:              amd64
20-Nov-2023 21:35:57.816 信息 [main] org.apache.catalina.startup.VersionLoggerListener.log Java 环境变量:     C:\Program Files\Microsoft\jdk-11.0.16.101-hotspot
20-Nov-2023 21:35:57.816 信息 [main] org.apache.catalina.startup.VersionLoggerListener.log Java虚拟机版本:    11.0.16.1+1-LTS
20-Nov-2023 21:35:57.816 信息 [main] org.apache.catalina.startup.VersionLoggerListener.log JVM.供应商:        Microsoft
20-Nov-2023 21:35:57.816 信息 [main] org.apache.catalina.startup.VersionLoggerListener.log CATALINA_BASE:     C:\Users\86135\Desktop\javaee大作业\gymmanage
20-Nov-2023 21:35:57.817 信息 [main] org.apache.catalina.startup.VersionLoggerListener.log CATALINA_HOME:     C:\Program Files\Apache Software Foundation\Tomcat 9.0
20-Nov-2023 21:35:57.825 信息 [main] org.apache.catalina.startup.VersionLoggerListener.log 命令行参数：       --add-opens=java.base/java.lang=ALL-UNNAMED
20-Nov-2023 21:35:57.825 信息 [main] org.apache.catalina.startup.VersionLoggerListener.log 命令行参数：       --add-opens=java.base/java.io=ALL-UNNAMED
20-Nov-2023 21:35:57.825 信息 [main] org.apache.catalina.startup.VersionLoggerListener.log 命令行参数：       --add-opens=java.base/java.util=ALL-UNNAMED
20-Nov-2023 21:35:57.825 信息 [main] org.apache.catalina.startup.VersionLoggerListener.log 命令行参数：       --add-opens=java.base/java.util.concurrent=ALL-UNNAMED
20-Nov-2023 21:35:57.825 信息 [main] org.apache.catalina.startup.VersionLoggerListener.log 命令行参数：       --add-opens=java.rmi/sun.rmi.transport=ALL-UNNAMED
20-Nov-2023 21:35:57.825 信息 [main] org.apache.catalina.startup.VersionLoggerListener.log 命令行参数：       -Dcatalina.home=C:\Program Files\Apache Software Foundation\Tomcat 9.0
20-Nov-2023 21:35:57.825 信息 [main] org.apache.catalina.startup.VersionLoggerListener.log 命令行参数：       -Dcatalina.base=C:\Users\86135\Desktop\javaee大作业\gymmanage
20-Nov-2023 21:35:57.825 信息 [main] org.apache.catalina.startup.VersionLoggerListener.log 命令行参数：       -Djava.io.tmpdir=C:\Users\86135\Desktop\javaee大作业\gymmanage\temp
20-Nov-2023 21:35:57.825 信息 [main] org.apache.catalina.startup.VersionLoggerListener.log 命令行参数：       -Djava.util.logging.config.file=C:\Users\86135\Desktop\javaee大作业\gymmanage\conf\logging.properties
20-Nov-2023 21:35:57.825 信息 [main] org.apache.catalina.startup.VersionLoggerListener.log 命令行参数：       -Djava.util.logging.manager=org.apache.juli.ClassLoaderLogManager
20-Nov-2023 21:35:57.826 信息 [main] org.apache.catalina.startup.VersionLoggerListener.log 命令行参数：       -javaagent:C:\Program Files\JetBrains\IntelliJ IDEA Community Edition 2023.2.1\lib\idea_rt.jar=51817:C:\Program Files\JetBrains\IntelliJ IDEA Community Edition 2023.2.1\bin
20-Nov-2023 21:35:57.826 信息 [main] org.apache.catalina.startup.VersionLoggerListener.log 命令行参数：       -Dfile.encoding=UTF-8
20-Nov-2023 21:35:57.835 信息 [main] org.apache.catalina.core.AprLifecycleListener.lifecycleEvent 在java.library.path:[C:\Program Files\Microsoft\jdk-11.0.16.101-hotspot\bin;C:\WINDOWS\Sun\Java\bin;C:\WINDOWS\system32;C:\WINDOWS;C:\Program Files\Microsoft\jdk-11.0.16.101-hotspot\bin;C:\Program Files\PlasticSCM5\server;C:\Program Files\PlasticSCM5\client;C:\Program Files (x86)\Common Files\Oracle\Java\javapath;C:\windows\system32;C:\windows;C:\windows\System32\Wbem;C:\windows\System32\WindowsPowerShell\v1.0\;C:\windows\System32\OpenSSH\;C:\Program Files (x86)\NVIDIA Corporation\PhysX\Common;C:\Program Files\NVIDIA Corporation\NVIDIA NvDLISR;C:\WINDOWS\system32;C:\WINDOWS;C:\WINDOWS\System32\Wbem;C:\WINDOWS\System32\WindowsPowerShell\v1.0\;C:\WINDOWS\System32\OpenSSH\;C:\Program Files\Java\jdk1.8.0_221\bin;C:\Program Files\Bandizip\;C:\Program Files\Microsoft SQL Server\150\Tools\Binn\;C:\Program Files\Microsoft SQL Server\Client SDK\ODBC\170\Tools\Binn\;C:\Program Files\dotnet\;\Users\86135\Desktop\mysql-8.0.34-winx64\bin;C:\Users\86135\Desktop\javaee学习\Git\cmd;C:\Users\86135\Desktop\人工智能大作业2\Scripts\;C:\Users\86135\Desktop\人工智能大作业2\;C:\Users\86135\AppData\Local\Microsoft\WindowsApps;C:\Users\86135\AppData\Local\Programs\Microsoft VS Code\bin;C:\Program Files (x86)\Tencent\QQGameTempest\Hall.57814\;C:\Program Files\JetBrains\PyCharm Community Edition 2022.3\bin;;C:\Users\86135\.dotnet\tools;C:\Program Files\JetBrains\IntelliJ IDEA Community Edition 2023.2.1\bin;;C:\Users\86135\AppData\Local\Android\Sdk\platform-tools;C:\Users\86135\AppData\Local\Android\Sdk\tools;C:\Users\86135\AppData\Local\GitHubDesktop\bin;.]上找不到基于APR的Apache Tomcat本机库，该库允许在生产环境中获得最佳性能
20-Nov-2023 21:35:58.099 信息 [main] org.apache.coyote.AbstractProtocol.init 初始化协议处理器 ["http-nio-8080"]
20-Nov-2023 21:35:58.119 信息 [main] org.apache.catalina.startup.Catalina.load 服务器在[493]毫秒内初始化
20-Nov-2023 21:35:58.180 信息 [main] org.apache.catalina.core.StandardService.startInternal 正在启动服务[Catalina]
20-Nov-2023 21:35:58.180 信息 [main] org.apache.catalina.core.StandardEngine.startInternal 正在启动 Servlet 引擎：[Apache Tomcat/9.0.54]
20-Nov-2023 21:35:58.193 信息 [main] org.apache.catalina.startup.HostConfig.deployDescriptor 正在部署部署描述符[C:\Users\86135\Desktop\javaee大作业\gymmanage\conf\Catalina\localhost\gymmanage.xml]。
20-Nov-2023 21:36:02.927 信息 [main] org.apache.jasper.servlet.TldScanner.scanJars 至少有一个JAR被扫描用于TLD但尚未包含TLD。 为此记录器启用调试日志记录，以获取已扫描但未在其中找到TLD的完整JAR列表。 在扫描期间跳过不需要的JAR可以缩短启动时间和JSP编译时间。
20-Nov-2023 21:36:03.582 警告 [main] org.apache.catalina.util.SessionIdGeneratorBase.createSecureRandom 使用[SHA1PRNG]创建会话ID生成的SecureRandom实例花费了[484]毫秒。
20-Nov-2023 21:36:03.600 信息 [main] org.apache.catalina.startup.HostConfig.deployDescriptor 部署描述符[C:\Users\86135\Desktop\javaee大作业\gymmanage\conf\Catalina\localhost\gymmanage.xml]的部署已在[5,407]ms内完成
20-Nov-2023 21:36:03.603 信息 [main] org.apache.coyote.AbstractProtocol.start 开始协议处理句柄["http-nio-8080"]
20-Nov-2023 21:36:04.061 信息 [main] org.apache.catalina.startup.Catalina.start [5942]毫秒后服务器启动
20-Nov-2023 21:39:08.900 信息 [Thread-2] org.apache.coyote.AbstractProtocol.pause 暂停ProtocolHandler["http-nio-8080"]
20-Nov-2023 21:39:09.342 信息 [Thread-2] org.apache.catalina.core.StandardService.stopInternal 正在停止服务[Catalina]
20-Nov-2023 21:39:09.359 警告 [Thread-2] org.apache.catalina.loader.WebappClassLoaderBase.clearReferencesObjectStreamClassCaches 无法清除web应用程序[gymmanage]的ObjectStreamClass$缓存中的软引用
	java.lang.ClassCastException: class java.io.ObjectStreamClass$Caches$1 cannot be cast to class java.util.Map (java.io.ObjectStreamClass$Caches$1 and java.util.Map are in module java.base of loader 'bootstrap')
		at org.apache.catalina.loader.WebappClassLoaderBase.clearCache(WebappClassLoaderBase.java:2325)
		at org.apache.catalina.loader.WebappClassLoaderBase.clearReferencesObjectStreamClassCaches(WebappClassLoaderBase.java:2300)
		at org.apache.catalina.loader.WebappClassLoaderBase.clearReferences(WebappClassLoaderBase.java:1669)
		at org.apache.catalina.loader.WebappClassLoaderBase.stop(WebappClassLoaderBase.java:1597)
		at org.apache.catalina.loader.WebappLoader.stopInternal(WebappLoader.java:463)
		at org.apache.catalina.util.LifecycleBase.stop(LifecycleBase.java:257)
		at org.apache.catalina.core.StandardContext.stopInternal(StandardContext.java:5515)
		at org.apache.catalina.util.LifecycleBase.stop(LifecycleBase.java:257)
		at org.apache.catalina.core.ContainerBase$StopChild.call(ContainerBase.java:1412)
		at org.apache.catalina.core.ContainerBase$StopChild.call(ContainerBase.java:1401)
		at java.base/java.util.concurrent.FutureTask.run(FutureTask.java:264)
		at org.apache.tomcat.util.threads.InlineExecutorService.execute(InlineExecutorService.java:75)
		at java.base/java.util.concurrent.AbstractExecutorService.submit(AbstractExecutorService.java:140)
		at org.apache.catalina.core.ContainerBase.stopInternal(ContainerBase.java:986)
		at org.apache.catalina.util.LifecycleBase.stop(LifecycleBase.java:257)
		at org.apache.catalina.core.ContainerBase$StopChild.call(ContainerBase.java:1412)
		at org.apache.catalina.core.ContainerBase$StopChild.call(ContainerBase.java:1401)
		at java.base/java.util.concurrent.FutureTask.run(FutureTask.java:264)
		at org.apache.tomcat.util.threads.InlineExecutorService.execute(InlineExecutorService.java:75)
		at java.base/java.util.concurrent.AbstractExecutorService.submit(AbstractExecutorService.java:140)
		at org.apache.catalina.core.ContainerBase.stopInternal(ContainerBase.java:986)
		at org.apache.catalina.util.LifecycleBase.stop(LifecycleBase.java:257)
		at org.apache.catalina.core.StandardService.stopInternal(StandardService.java:497)
		at org.apache.catalina.util.LifecycleBase.stop(LifecycleBase.java:257)
		at org.apache.catalina.core.StandardServer.stopInternal(StandardServer.java:979)
		at org.apache.catalina.util.LifecycleBase.stop(LifecycleBase.java:257)
		at org.apache.catalina.startup.Catalina.stop(Catalina.java:849)
		at org.apache.catalina.startup.Catalina$CatalinaShutdownHook.run(Catalina.java:996)
20-Nov-2023 21:39:09.367 信息 [Thread-2] org.apache.coyote.AbstractProtocol.stop 正在停止ProtocolHandler ["http-nio-8080"]
20-Nov-2023 21:39:09.388 信息 [Thread-2] org.apache.coyote.AbstractProtocol.destroy 正在摧毁协议处理器 ["http-nio-8080"]
20-Nov-2023 21:39:11.313 信息 [main] org.apache.catalina.startup.VersionLoggerListener.log Server.服务器版本: Apache Tomcat/9.0.54
20-Nov-2023 21:39:11.318 信息 [main] org.apache.catalina.startup.VersionLoggerListener.log 服务器构建:        Sep 28 2021 13:51:49 UTC
20-Nov-2023 21:39:11.319 信息 [main] org.apache.catalina.startup.VersionLoggerListener.log 服务器版本号:      9.0.54.0
20-Nov-2023 21:39:11.319 信息 [main] org.apache.catalina.startup.VersionLoggerListener.log 操作系统名称:      Windows 10
20-Nov-2023 21:39:11.319 信息 [main] org.apache.catalina.startup.VersionLoggerListener.log OS.版本:           10.0
20-Nov-2023 21:39:11.319 信息 [main] org.apache.catalina.startup.VersionLoggerListener.log 架构:              amd64
20-Nov-2023 21:39:11.319 信息 [main] org.apache.catalina.startup.VersionLoggerListener.log Java 环境变量:     C:\Program Files\Microsoft\jdk-11.0.16.101-hotspot
20-Nov-2023 21:39:11.319 信息 [main] org.apache.catalina.startup.VersionLoggerListener.log Java虚拟机版本:    11.0.16.1+1-LTS
20-Nov-2023 21:39:11.319 信息 [main] org.apache.catalina.startup.VersionLoggerListener.log JVM.供应商:        Microsoft
20-Nov-2023 21:39:11.319 信息 [main] org.apache.catalina.startup.VersionLoggerListener.log CATALINA_BASE:     C:\Users\86135\Desktop\javaee大作业\gymmanage
20-Nov-2023 21:39:11.319 信息 [main] org.apache.catalina.startup.VersionLoggerListener.log CATALINA_HOME:     C:\Program Files\Apache Software Foundation\Tomcat 9.0
20-Nov-2023 21:39:11.335 信息 [main] org.apache.catalina.startup.VersionLoggerListener.log 命令行参数：       --add-opens=java.base/java.lang=ALL-UNNAMED
20-Nov-2023 21:39:11.336 信息 [main] org.apache.catalina.startup.VersionLoggerListener.log 命令行参数：       --add-opens=java.base/java.io=ALL-UNNAMED
20-Nov-2023 21:39:11.336 信息 [main] org.apache.catalina.startup.VersionLoggerListener.log 命令行参数：       --add-opens=java.base/java.util=ALL-UNNAMED
20-Nov-2023 21:39:11.336 信息 [main] org.apache.catalina.startup.VersionLoggerListener.log 命令行参数：       --add-opens=java.base/java.util.concurrent=ALL-UNNAMED
20-Nov-2023 21:39:11.336 信息 [main] org.apache.catalina.startup.VersionLoggerListener.log 命令行参数：       --add-opens=java.rmi/sun.rmi.transport=ALL-UNNAMED
20-Nov-2023 21:39:11.336 信息 [main] org.apache.catalina.startup.VersionLoggerListener.log 命令行参数：       -Dcatalina.home=C:\Program Files\Apache Software Foundation\Tomcat 9.0
20-Nov-2023 21:39:11.336 信息 [main] org.apache.catalina.startup.VersionLoggerListener.log 命令行参数：       -Dcatalina.base=C:\Users\86135\Desktop\javaee大作业\gymmanage
20-Nov-2023 21:39:11.336 信息 [main] org.apache.catalina.startup.VersionLoggerListener.log 命令行参数：       -Djava.io.tmpdir=C:\Users\86135\Desktop\javaee大作业\gymmanage\temp
20-Nov-2023 21:39:11.336 信息 [main] org.apache.catalina.startup.VersionLoggerListener.log 命令行参数：       -Djava.util.logging.config.file=C:\Users\86135\Desktop\javaee大作业\gymmanage\conf\logging.properties
20-Nov-2023 21:39:11.336 信息 [main] org.apache.catalina.startup.VersionLoggerListener.log 命令行参数：       -Djava.util.logging.manager=org.apache.juli.ClassLoaderLogManager
20-Nov-2023 21:39:11.336 信息 [main] org.apache.catalina.startup.VersionLoggerListener.log 命令行参数：       -javaagent:C:\Program Files\JetBrains\IntelliJ IDEA Community Edition 2023.2.1\lib\idea_rt.jar=51892:C:\Program Files\JetBrains\IntelliJ IDEA Community Edition 2023.2.1\bin
20-Nov-2023 21:39:11.336 信息 [main] org.apache.catalina.startup.VersionLoggerListener.log 命令行参数：       -Dfile.encoding=UTF-8
20-Nov-2023 21:39:11.370 信息 [main] org.apache.catalina.core.AprLifecycleListener.lifecycleEvent 在java.library.path:[C:\Program Files\Microsoft\jdk-11.0.16.101-hotspot\bin;C:\WINDOWS\Sun\Java\bin;C:\WINDOWS\system32;C:\WINDOWS;C:\Program Files\Microsoft\jdk-11.0.16.101-hotspot\bin;C:\Program Files\PlasticSCM5\server;C:\Program Files\PlasticSCM5\client;C:\Program Files (x86)\Common Files\Oracle\Java\javapath;C:\windows\system32;C:\windows;C:\windows\System32\Wbem;C:\windows\System32\WindowsPowerShell\v1.0\;C:\windows\System32\OpenSSH\;C:\Program Files (x86)\NVIDIA Corporation\PhysX\Common;C:\Program Files\NVIDIA Corporation\NVIDIA NvDLISR;C:\WINDOWS\system32;C:\WINDOWS;C:\WINDOWS\System32\Wbem;C:\WINDOWS\System32\WindowsPowerShell\v1.0\;C:\WINDOWS\System32\OpenSSH\;C:\Program Files\Java\jdk1.8.0_221\bin;C:\Program Files\Bandizip\;C:\Program Files\Microsoft SQL Server\150\Tools\Binn\;C:\Program Files\Microsoft SQL Server\Client SDK\ODBC\170\Tools\Binn\;C:\Program Files\dotnet\;\Users\86135\Desktop\mysql-8.0.34-winx64\bin;C:\Users\86135\Desktop\javaee学习\Git\cmd;C:\Users\86135\Desktop\人工智能大作业2\Scripts\;C:\Users\86135\Desktop\人工智能大作业2\;C:\Users\86135\AppData\Local\Microsoft\WindowsApps;C:\Users\86135\AppData\Local\Programs\Microsoft VS Code\bin;C:\Program Files (x86)\Tencent\QQGameTempest\Hall.57814\;C:\Program Files\JetBrains\PyCharm Community Edition 2022.3\bin;;C:\Users\86135\.dotnet\tools;C:\Program Files\JetBrains\IntelliJ IDEA Community Edition 2023.2.1\bin;;C:\Users\86135\AppData\Local\Android\Sdk\platform-tools;C:\Users\86135\AppData\Local\Android\Sdk\tools;C:\Users\86135\AppData\Local\GitHubDesktop\bin;.]上找不到基于APR的Apache Tomcat本机库，该库允许在生产环境中获得最佳性能
20-Nov-2023 21:39:11.989 信息 [main] org.apache.coyote.AbstractProtocol.init 初始化协议处理器 ["http-nio-8080"]
20-Nov-2023 21:39:12.010 信息 [main] org.apache.catalina.startup.Catalina.load 服务器在[1126]毫秒内初始化
20-Nov-2023 21:39:12.065 信息 [main] org.apache.catalina.core.StandardService.startInternal 正在启动服务[Catalina]
20-Nov-2023 21:39:12.065 信息 [main] org.apache.catalina.core.StandardEngine.startInternal 正在启动 Servlet 引擎：[Apache Tomcat/9.0.54]
20-Nov-2023 21:39:12.074 信息 [main] org.apache.catalina.startup.HostConfig.deployDescriptor 正在部署部署描述符[C:\Users\86135\Desktop\javaee大作业\gymmanage\conf\Catalina\localhost\gymmanage.xml]。
20-Nov-2023 21:39:16.296 信息 [main] org.apache.jasper.servlet.TldScanner.scanJars 至少有一个JAR被扫描用于TLD但尚未包含TLD。 为此记录器启用调试日志记录，以获取已扫描但未在其中找到TLD的完整JAR列表。 在扫描期间跳过不需要的JAR可以缩短启动时间和JSP编译时间。
20-Nov-2023 21:39:16.895 警告 [main] org.apache.catalina.util.SessionIdGeneratorBase.createSecureRandom 使用[SHA1PRNG]创建会话ID生成的SecureRandom实例花费了[450]毫秒。
20-Nov-2023 21:39:16.915 信息 [main] org.apache.catalina.startup.HostConfig.deployDescriptor 部署描述符[C:\Users\86135\Desktop\javaee大作业\gymmanage\conf\Catalina\localhost\gymmanage.xml]的部署已在[4,840]ms内完成
20-Nov-2023 21:39:16.919 信息 [main] org.apache.coyote.AbstractProtocol.start 开始协议处理句柄["http-nio-8080"]
20-Nov-2023 21:39:17.390 信息 [main] org.apache.catalina.startup.Catalina.start [5378]毫秒后服务器启动
20-Nov-2023 21:46:11.023 信息 [Thread-2] org.apache.coyote.AbstractProtocol.pause 暂停ProtocolHandler["http-nio-8080"]
20-Nov-2023 21:46:11.515 信息 [Thread-2] org.apache.catalina.core.StandardService.stopInternal 正在停止服务[Catalina]
20-Nov-2023 21:46:11.539 警告 [Thread-2] org.apache.catalina.loader.WebappClassLoaderBase.clearReferencesObjectStreamClassCaches 无法清除web应用程序[gymmanage]的ObjectStreamClass$缓存中的软引用
	java.lang.ClassCastException: class java.io.ObjectStreamClass$Caches$1 cannot be cast to class java.util.Map (java.io.ObjectStreamClass$Caches$1 and java.util.Map are in module java.base of loader 'bootstrap')
		at org.apache.catalina.loader.WebappClassLoaderBase.clearCache(WebappClassLoaderBase.java:2325)
		at org.apache.catalina.loader.WebappClassLoaderBase.clearReferencesObjectStreamClassCaches(WebappClassLoaderBase.java:2300)
		at org.apache.catalina.loader.WebappClassLoaderBase.clearReferences(WebappClassLoaderBase.java:1669)
		at org.apache.catalina.loader.WebappClassLoaderBase.stop(WebappClassLoaderBase.java:1597)
		at org.apache.catalina.loader.WebappLoader.stopInternal(WebappLoader.java:463)
		at org.apache.catalina.util.LifecycleBase.stop(LifecycleBase.java:257)
		at org.apache.catalina.core.StandardContext.stopInternal(StandardContext.java:5515)
		at org.apache.catalina.util.LifecycleBase.stop(LifecycleBase.java:257)
		at org.apache.catalina.core.ContainerBase$StopChild.call(ContainerBase.java:1412)
		at org.apache.catalina.core.ContainerBase$StopChild.call(ContainerBase.java:1401)
		at java.base/java.util.concurrent.FutureTask.run(FutureTask.java:264)
		at org.apache.tomcat.util.threads.InlineExecutorService.execute(InlineExecutorService.java:75)
		at java.base/java.util.concurrent.AbstractExecutorService.submit(AbstractExecutorService.java:140)
		at org.apache.catalina.core.ContainerBase.stopInternal(ContainerBase.java:986)
		at org.apache.catalina.util.LifecycleBase.stop(LifecycleBase.java:257)
		at org.apache.catalina.core.ContainerBase$StopChild.call(ContainerBase.java:1412)
		at org.apache.catalina.core.ContainerBase$StopChild.call(ContainerBase.java:1401)
		at java.base/java.util.concurrent.FutureTask.run(FutureTask.java:264)
		at org.apache.tomcat.util.threads.InlineExecutorService.execute(InlineExecutorService.java:75)
		at java.base/java.util.concurrent.AbstractExecutorService.submit(AbstractExecutorService.java:140)
		at org.apache.catalina.core.ContainerBase.stopInternal(ContainerBase.java:986)
		at org.apache.catalina.util.LifecycleBase.stop(LifecycleBase.java:257)
		at org.apache.catalina.core.StandardService.stopInternal(StandardService.java:497)
		at org.apache.catalina.util.LifecycleBase.stop(LifecycleBase.java:257)
		at org.apache.catalina.core.StandardServer.stopInternal(StandardServer.java:979)
		at org.apache.catalina.util.LifecycleBase.stop(LifecycleBase.java:257)
		at org.apache.catalina.startup.Catalina.stop(Catalina.java:849)
		at org.apache.catalina.startup.Catalina$CatalinaShutdownHook.run(Catalina.java:996)
20-Nov-2023 21:46:11.549 信息 [Thread-2] org.apache.coyote.AbstractProtocol.stop 正在停止ProtocolHandler ["http-nio-8080"]
20-Nov-2023 21:46:11.562 信息 [Thread-2] org.apache.coyote.AbstractProtocol.destroy 正在摧毁协议处理器 ["http-nio-8080"]
20-Nov-2023 21:47:02.692 信息 [main] org.apache.catalina.startup.VersionLoggerListener.log Server.服务器版本: Apache Tomcat/9.0.54
20-Nov-2023 21:47:02.694 信息 [main] org.apache.catalina.startup.VersionLoggerListener.log 服务器构建:        Sep 28 2021 13:51:49 UTC
20-Nov-2023 21:47:02.695 信息 [main] org.apache.catalina.startup.VersionLoggerListener.log 服务器版本号:      9.0.54.0
20-Nov-2023 21:47:02.695 信息 [main] org.apache.catalina.startup.VersionLoggerListener.log 操作系统名称:      Windows 10
20-Nov-2023 21:47:02.695 信息 [main] org.apache.catalina.startup.VersionLoggerListener.log OS.版本:           10.0
20-Nov-2023 21:47:02.695 信息 [main] org.apache.catalina.startup.VersionLoggerListener.log 架构:              amd64
20-Nov-2023 21:47:02.695 信息 [main] org.apache.catalina.startup.VersionLoggerListener.log Java 环境变量:     C:\Program Files\Microsoft\jdk-11.0.16.101-hotspot
20-Nov-2023 21:47:02.695 信息 [main] org.apache.catalina.startup.VersionLoggerListener.log Java虚拟机版本:    11.0.16.1+1-LTS
20-Nov-2023 21:47:02.695 信息 [main] org.apache.catalina.startup.VersionLoggerListener.log JVM.供应商:        Microsoft
20-Nov-2023 21:47:02.695 信息 [main] org.apache.catalina.startup.VersionLoggerListener.log CATALINA_BASE:     C:\Users\86135\Desktop\javaee大作业\gymmanage
20-Nov-2023 21:47:02.695 信息 [main] org.apache.catalina.startup.VersionLoggerListener.log CATALINA_HOME:     C:\Program Files\Apache Software Foundation\Tomcat 9.0
20-Nov-2023 21:47:02.704 信息 [main] org.apache.catalina.startup.VersionLoggerListener.log 命令行参数：       --add-opens=java.base/java.lang=ALL-UNNAMED
20-Nov-2023 21:47:02.704 信息 [main] org.apache.catalina.startup.VersionLoggerListener.log 命令行参数：       --add-opens=java.base/java.io=ALL-UNNAMED
20-Nov-2023 21:47:02.705 信息 [main] org.apache.catalina.startup.VersionLoggerListener.log 命令行参数：       --add-opens=java.base/java.util=ALL-UNNAMED
20-Nov-2023 21:47:02.705 信息 [main] org.apache.catalina.startup.VersionLoggerListener.log 命令行参数：       --add-opens=java.base/java.util.concurrent=ALL-UNNAMED
20-Nov-2023 21:47:02.705 信息 [main] org.apache.catalina.startup.VersionLoggerListener.log 命令行参数：       --add-opens=java.rmi/sun.rmi.transport=ALL-UNNAMED
20-Nov-2023 21:47:02.705 信息 [main] org.apache.catalina.startup.VersionLoggerListener.log 命令行参数：       -Dcatalina.home=C:\Program Files\Apache Software Foundation\Tomcat 9.0
20-Nov-2023 21:47:02.705 信息 [main] org.apache.catalina.startup.VersionLoggerListener.log 命令行参数：       -Dcatalina.base=C:\Users\86135\Desktop\javaee大作业\gymmanage
20-Nov-2023 21:47:02.705 信息 [main] org.apache.catalina.startup.VersionLoggerListener.log 命令行参数：       -Djava.io.tmpdir=C:\Users\86135\Desktop\javaee大作业\gymmanage\temp
20-Nov-2023 21:47:02.705 信息 [main] org.apache.catalina.startup.VersionLoggerListener.log 命令行参数：       -Djava.util.logging.config.file=C:\Users\86135\Desktop\javaee大作业\gymmanage\conf\logging.properties
20-Nov-2023 21:47:02.705 信息 [main] org.apache.catalina.startup.VersionLoggerListener.log 命令行参数：       -Djava.util.logging.manager=org.apache.juli.ClassLoaderLogManager
20-Nov-2023 21:47:02.705 信息 [main] org.apache.catalina.startup.VersionLoggerListener.log 命令行参数：       -javaagent:C:\Program Files\JetBrains\IntelliJ IDEA Community Edition 2023.2.1\lib\idea_rt.jar=52580:C:\Program Files\JetBrains\IntelliJ IDEA Community Edition 2023.2.1\bin
20-Nov-2023 21:47:02.705 信息 [main] org.apache.catalina.startup.VersionLoggerListener.log 命令行参数：       -Dfile.encoding=UTF-8
20-Nov-2023 21:47:02.713 信息 [main] org.apache.catalina.core.AprLifecycleListener.lifecycleEvent 在java.library.path:[C:\Program Files\Microsoft\jdk-11.0.16.101-hotspot\bin;C:\WINDOWS\Sun\Java\bin;C:\WINDOWS\system32;C:\WINDOWS;C:\Program Files\Microsoft\jdk-11.0.16.101-hotspot\bin;C:\Program Files\PlasticSCM5\server;C:\Program Files\PlasticSCM5\client;C:\Program Files (x86)\Common Files\Oracle\Java\javapath;C:\windows\system32;C:\windows;C:\windows\System32\Wbem;C:\windows\System32\WindowsPowerShell\v1.0\;C:\windows\System32\OpenSSH\;C:\Program Files (x86)\NVIDIA Corporation\PhysX\Common;C:\Program Files\NVIDIA Corporation\NVIDIA NvDLISR;C:\WINDOWS\system32;C:\WINDOWS;C:\WINDOWS\System32\Wbem;C:\WINDOWS\System32\WindowsPowerShell\v1.0\;C:\WINDOWS\System32\OpenSSH\;C:\Program Files\Java\jdk1.8.0_221\bin;C:\Program Files\Bandizip\;C:\Program Files\Microsoft SQL Server\150\Tools\Binn\;C:\Program Files\Microsoft SQL Server\Client SDK\ODBC\170\Tools\Binn\;C:\Program Files\dotnet\;\Users\86135\Desktop\mysql-8.0.34-winx64\bin;C:\Users\86135\Desktop\javaee学习\Git\cmd;C:\Users\86135\Desktop\人工智能大作业2\Scripts\;C:\Users\86135\Desktop\人工智能大作业2\;C:\Users\86135\AppData\Local\Microsoft\WindowsApps;C:\Users\86135\AppData\Local\Programs\Microsoft VS Code\bin;C:\Program Files (x86)\Tencent\QQGameTempest\Hall.57814\;C:\Program Files\JetBrains\PyCharm Community Edition 2022.3\bin;;C:\Users\86135\.dotnet\tools;C:\Program Files\JetBrains\IntelliJ IDEA Community Edition 2023.2.1\bin;;C:\Users\86135\AppData\Local\Android\Sdk\platform-tools;C:\Users\86135\AppData\Local\Android\Sdk\tools;C:\Users\86135\AppData\Local\GitHubDesktop\bin;.]上找不到基于APR的Apache Tomcat本机库，该库允许在生产环境中获得最佳性能
20-Nov-2023 21:47:02.940 信息 [main] org.apache.coyote.AbstractProtocol.init 初始化协议处理器 ["http-nio-8080"]
20-Nov-2023 21:47:02.958 信息 [main] org.apache.catalina.startup.Catalina.load 服务器在[447]毫秒内初始化
20-Nov-2023 21:47:03.018 信息 [main] org.apache.catalina.core.StandardService.startInternal 正在启动服务[Catalina]
20-Nov-2023 21:47:03.018 信息 [main] org.apache.catalina.core.StandardEngine.startInternal 正在启动 Servlet 引擎：[Apache Tomcat/9.0.54]
20-Nov-2023 21:47:03.026 信息 [main] org.apache.catalina.startup.HostConfig.deployDescriptor 正在部署部署描述符[C:\Users\86135\Desktop\javaee大作业\gymmanage\conf\Catalina\localhost\gymmanage.xml]。
20-Nov-2023 21:47:07.659 信息 [main] org.apache.jasper.servlet.TldScanner.scanJars 至少有一个JAR被扫描用于TLD但尚未包含TLD。 为此记录器启用调试日志记录，以获取已扫描但未在其中找到TLD的完整JAR列表。 在扫描期间跳过不需要的JAR可以缩短启动时间和JSP编译时间。
20-Nov-2023 21:47:08.259 警告 [main] org.apache.catalina.util.SessionIdGeneratorBase.createSecureRandom 使用[SHA1PRNG]创建会话ID生成的SecureRandom实例花费了[460]毫秒。
20-Nov-2023 21:47:08.280 信息 [main] org.apache.catalina.startup.HostConfig.deployDescriptor 部署描述符[C:\Users\86135\Desktop\javaee大作业\gymmanage\conf\Catalina\localhost\gymmanage.xml]的部署已在[5,254]ms内完成
20-Nov-2023 21:47:08.284 信息 [main] org.apache.coyote.AbstractProtocol.start 开始协议处理句柄["http-nio-8080"]
20-Nov-2023 21:47:08.731 信息 [main] org.apache.catalina.startup.Catalina.start [5772]毫秒后服务器启动
20-Nov-2023 21:49:28.790 信息 [Thread-2] org.apache.coyote.AbstractProtocol.pause 暂停ProtocolHandler["http-nio-8080"]
20-Nov-2023 21:49:29.215 信息 [Thread-2] org.apache.catalina.core.StandardService.stopInternal 正在停止服务[Catalina]
20-Nov-2023 21:49:29.232 警告 [Thread-2] org.apache.catalina.loader.WebappClassLoaderBase.clearReferencesObjectStreamClassCaches 无法清除web应用程序[gymmanage]的ObjectStreamClass$缓存中的软引用
	java.lang.ClassCastException: class java.io.ObjectStreamClass$Caches$1 cannot be cast to class java.util.Map (java.io.ObjectStreamClass$Caches$1 and java.util.Map are in module java.base of loader 'bootstrap')
		at org.apache.catalina.loader.WebappClassLoaderBase.clearCache(WebappClassLoaderBase.java:2325)
		at org.apache.catalina.loader.WebappClassLoaderBase.clearReferencesObjectStreamClassCaches(WebappClassLoaderBase.java:2300)
		at org.apache.catalina.loader.WebappClassLoaderBase.clearReferences(WebappClassLoaderBase.java:1669)
		at org.apache.catalina.loader.WebappClassLoaderBase.stop(WebappClassLoaderBase.java:1597)
		at org.apache.catalina.loader.WebappLoader.stopInternal(WebappLoader.java:463)
		at org.apache.catalina.util.LifecycleBase.stop(LifecycleBase.java:257)
		at org.apache.catalina.core.StandardContext.stopInternal(StandardContext.java:5515)
		at org.apache.catalina.util.LifecycleBase.stop(LifecycleBase.java:257)
		at org.apache.catalina.core.ContainerBase$StopChild.call(ContainerBase.java:1412)
		at org.apache.catalina.core.ContainerBase$StopChild.call(ContainerBase.java:1401)
		at java.base/java.util.concurrent.FutureTask.run(FutureTask.java:264)
		at org.apache.tomcat.util.threads.InlineExecutorService.execute(InlineExecutorService.java:75)
		at java.base/java.util.concurrent.AbstractExecutorService.submit(AbstractExecutorService.java:140)
		at org.apache.catalina.core.ContainerBase.stopInternal(ContainerBase.java:986)
		at org.apache.catalina.util.LifecycleBase.stop(LifecycleBase.java:257)
		at org.apache.catalina.core.ContainerBase$StopChild.call(ContainerBase.java:1412)
		at org.apache.catalina.core.ContainerBase$StopChild.call(ContainerBase.java:1401)
		at java.base/java.util.concurrent.FutureTask.run(FutureTask.java:264)
		at org.apache.tomcat.util.threads.InlineExecutorService.execute(InlineExecutorService.java:75)
		at java.base/java.util.concurrent.AbstractExecutorService.submit(AbstractExecutorService.java:140)
		at org.apache.catalina.core.ContainerBase.stopInternal(ContainerBase.java:986)
		at org.apache.catalina.util.LifecycleBase.stop(LifecycleBase.java:257)
		at org.apache.catalina.core.StandardService.stopInternal(StandardService.java:497)
		at org.apache.catalina.util.LifecycleBase.stop(LifecycleBase.java:257)
		at org.apache.catalina.core.StandardServer.stopInternal(StandardServer.java:979)
		at org.apache.catalina.util.LifecycleBase.stop(LifecycleBase.java:257)
		at org.apache.catalina.startup.Catalina.stop(Catalina.java:849)
		at org.apache.catalina.startup.Catalina$CatalinaShutdownHook.run(Catalina.java:996)
20-Nov-2023 21:49:29.239 信息 [Thread-2] org.apache.coyote.AbstractProtocol.stop 正在停止ProtocolHandler ["http-nio-8080"]
20-Nov-2023 21:49:29.262 信息 [Thread-2] org.apache.coyote.AbstractProtocol.destroy 正在摧毁协议处理器 ["http-nio-8080"]
20-Nov-2023 21:49:33.617 信息 [main] org.apache.catalina.startup.VersionLoggerListener.log Server.服务器版本: Apache Tomcat/9.0.54
20-Nov-2023 21:49:33.620 信息 [main] org.apache.catalina.startup.VersionLoggerListener.log 服务器构建:        Sep 28 2021 13:51:49 UTC
20-Nov-2023 21:49:33.620 信息 [main] org.apache.catalina.startup.VersionLoggerListener.log 服务器版本号:      9.0.54.0
20-Nov-2023 21:49:33.620 信息 [main] org.apache.catalina.startup.VersionLoggerListener.log 操作系统名称:      Windows 10
20-Nov-2023 21:49:33.620 信息 [main] org.apache.catalina.startup.VersionLoggerListener.log OS.版本:           10.0
20-Nov-2023 21:49:33.620 信息 [main] org.apache.catalina.startup.VersionLoggerListener.log 架构:              amd64
20-Nov-2023 21:49:33.620 信息 [main] org.apache.catalina.startup.VersionLoggerListener.log Java 环境变量:     C:\Program Files\Microsoft\jdk-11.0.16.101-hotspot
20-Nov-2023 21:49:33.620 信息 [main] org.apache.catalina.startup.VersionLoggerListener.log Java虚拟机版本:    11.0.16.1+1-LTS
20-Nov-2023 21:49:33.620 信息 [main] org.apache.catalina.startup.VersionLoggerListener.log JVM.供应商:        Microsoft
20-Nov-2023 21:49:33.620 信息 [main] org.apache.catalina.startup.VersionLoggerListener.log CATALINA_BASE:     C:\Users\86135\Desktop\javaee大作业\gymmanage
20-Nov-2023 21:49:33.620 信息 [main] org.apache.catalina.startup.VersionLoggerListener.log CATALINA_HOME:     C:\Program Files\Apache Software Foundation\Tomcat 9.0
20-Nov-2023 21:49:33.628 信息 [main] org.apache.catalina.startup.VersionLoggerListener.log 命令行参数：       --add-opens=java.base/java.lang=ALL-UNNAMED
20-Nov-2023 21:49:33.628 信息 [main] org.apache.catalina.startup.VersionLoggerListener.log 命令行参数：       --add-opens=java.base/java.io=ALL-UNNAMED
20-Nov-2023 21:49:33.628 信息 [main] org.apache.catalina.startup.VersionLoggerListener.log 命令行参数：       --add-opens=java.base/java.util=ALL-UNNAMED
20-Nov-2023 21:49:33.628 信息 [main] org.apache.catalina.startup.VersionLoggerListener.log 命令行参数：       --add-opens=java.base/java.util.concurrent=ALL-UNNAMED
20-Nov-2023 21:49:33.628 信息 [main] org.apache.catalina.startup.VersionLoggerListener.log 命令行参数：       --add-opens=java.rmi/sun.rmi.transport=ALL-UNNAMED
20-Nov-2023 21:49:33.628 信息 [main] org.apache.catalina.startup.VersionLoggerListener.log 命令行参数：       -Dcatalina.home=C:\Program Files\Apache Software Foundation\Tomcat 9.0
20-Nov-2023 21:49:33.629 信息 [main] org.apache.catalina.startup.VersionLoggerListener.log 命令行参数：       -Dcatalina.base=C:\Users\86135\Desktop\javaee大作业\gymmanage
20-Nov-2023 21:49:33.629 信息 [main] org.apache.catalina.startup.VersionLoggerListener.log 命令行参数：       -Djava.io.tmpdir=C:\Users\86135\Desktop\javaee大作业\gymmanage\temp
20-Nov-2023 21:49:33.629 信息 [main] org.apache.catalina.startup.VersionLoggerListener.log 命令行参数：       -Djava.util.logging.config.file=C:\Users\86135\Desktop\javaee大作业\gymmanage\conf\logging.properties
20-Nov-2023 21:49:33.629 信息 [main] org.apache.catalina.startup.VersionLoggerListener.log 命令行参数：       -Djava.util.logging.manager=org.apache.juli.ClassLoaderLogManager
20-Nov-2023 21:49:33.629 信息 [main] org.apache.catalina.startup.VersionLoggerListener.log 命令行参数：       -javaagent:C:\Program Files\JetBrains\IntelliJ IDEA Community Edition 2023.2.1\lib\idea_rt.jar=52822:C:\Program Files\JetBrains\IntelliJ IDEA Community Edition 2023.2.1\bin
20-Nov-2023 21:49:33.629 信息 [main] org.apache.catalina.startup.VersionLoggerListener.log 命令行参数：       -Dfile.encoding=UTF-8
20-Nov-2023 21:49:33.636 信息 [main] org.apache.catalina.core.AprLifecycleListener.lifecycleEvent 在java.library.path:[C:\Program Files\Microsoft\jdk-11.0.16.101-hotspot\bin;C:\WINDOWS\Sun\Java\bin;C:\WINDOWS\system32;C:\WINDOWS;C:\Program Files\Microsoft\jdk-11.0.16.101-hotspot\bin;C:\Program Files\PlasticSCM5\server;C:\Program Files\PlasticSCM5\client;C:\Program Files (x86)\Common Files\Oracle\Java\javapath;C:\windows\system32;C:\windows;C:\windows\System32\Wbem;C:\windows\System32\WindowsPowerShell\v1.0\;C:\windows\System32\OpenSSH\;C:\Program Files (x86)\NVIDIA Corporation\PhysX\Common;C:\Program Files\NVIDIA Corporation\NVIDIA NvDLISR;C:\WINDOWS\system32;C:\WINDOWS;C:\WINDOWS\System32\Wbem;C:\WINDOWS\System32\WindowsPowerShell\v1.0\;C:\WINDOWS\System32\OpenSSH\;C:\Program Files\Java\jdk1.8.0_221\bin;C:\Program Files\Bandizip\;C:\Program Files\Microsoft SQL Server\150\Tools\Binn\;C:\Program Files\Microsoft SQL Server\Client SDK\ODBC\170\Tools\Binn\;C:\Program Files\dotnet\;\Users\86135\Desktop\mysql-8.0.34-winx64\bin;C:\Users\86135\Desktop\javaee学习\Git\cmd;C:\Users\86135\Desktop\人工智能大作业2\Scripts\;C:\Users\86135\Desktop\人工智能大作业2\;C:\Users\86135\AppData\Local\Microsoft\WindowsApps;C:\Users\86135\AppData\Local\Programs\Microsoft VS Code\bin;C:\Program Files (x86)\Tencent\QQGameTempest\Hall.57814\;C:\Program Files\JetBrains\PyCharm Community Edition 2022.3\bin;;C:\Users\86135\.dotnet\tools;C:\Program Files\JetBrains\IntelliJ IDEA Community Edition 2023.2.1\bin;;C:\Users\86135\AppData\Local\Android\Sdk\platform-tools;C:\Users\86135\AppData\Local\Android\Sdk\tools;C:\Users\86135\AppData\Local\GitHubDesktop\bin;.]上找不到基于APR的Apache Tomcat本机库，该库允许在生产环境中获得最佳性能
20-Nov-2023 21:49:33.854 信息 [main] org.apache.coyote.AbstractProtocol.init 初始化协议处理器 ["http-nio-8080"]
20-Nov-2023 21:49:33.871 信息 [main] org.apache.catalina.startup.Catalina.load 服务器在[448]毫秒内初始化
20-Nov-2023 21:49:33.931 信息 [main] org.apache.catalina.core.StandardService.startInternal 正在启动服务[Catalina]
20-Nov-2023 21:49:33.931 信息 [main] org.apache.catalina.core.StandardEngine.startInternal 正在启动 Servlet 引擎：[Apache Tomcat/9.0.54]
20-Nov-2023 21:49:33.939 信息 [main] org.apache.catalina.startup.HostConfig.deployDescriptor 正在部署部署描述符[C:\Users\86135\Desktop\javaee大作业\gymmanage\conf\Catalina\localhost\gymmanage.xml]。
20-Nov-2023 21:59:41.787 信息 [main] org.apache.catalina.startup.VersionLoggerListener.log Server.服务器版本: Apache Tomcat/9.0.54
20-Nov-2023 21:59:41.793 信息 [main] org.apache.catalina.startup.VersionLoggerListener.log 服务器构建:        Sep 28 2021 13:51:49 UTC
20-Nov-2023 21:59:41.793 信息 [main] org.apache.catalina.startup.VersionLoggerListener.log 服务器版本号:      9.0.54.0
20-Nov-2023 21:59:41.794 信息 [main] org.apache.catalina.startup.VersionLoggerListener.log 操作系统名称:      Windows 10
20-Nov-2023 21:59:41.794 信息 [main] org.apache.catalina.startup.VersionLoggerListener.log OS.版本:           10.0
20-Nov-2023 21:59:41.794 信息 [main] org.apache.catalina.startup.VersionLoggerListener.log 架构:              amd64
20-Nov-2023 21:59:41.794 信息 [main] org.apache.catalina.startup.VersionLoggerListener.log Java 环境变量:     C:\Program Files\Microsoft\jdk-11.0.16.101-hotspot
20-Nov-2023 21:59:41.794 信息 [main] org.apache.catalina.startup.VersionLoggerListener.log Java虚拟机版本:    11.0.16.1+1-LTS
20-Nov-2023 21:59:41.794 信息 [main] org.apache.catalina.startup.VersionLoggerListener.log JVM.供应商:        Microsoft
20-Nov-2023 21:59:41.794 信息 [main] org.apache.catalina.startup.VersionLoggerListener.log CATALINA_BASE:     C:\Users\86135\Desktop\javaee大作业\gymmanage
20-Nov-2023 21:59:41.794 信息 [main] org.apache.catalina.startup.VersionLoggerListener.log CATALINA_HOME:     C:\Program Files\Apache Software Foundation\Tomcat 9.0
20-Nov-2023 21:59:41.811 信息 [main] org.apache.catalina.startup.VersionLoggerListener.log 命令行参数：       --add-opens=java.base/java.lang=ALL-UNNAMED
20-Nov-2023 21:59:41.811 信息 [main] org.apache.catalina.startup.VersionLoggerListener.log 命令行参数：       --add-opens=java.base/java.io=ALL-UNNAMED
20-Nov-2023 21:59:41.811 信息 [main] org.apache.catalina.startup.VersionLoggerListener.log 命令行参数：       --add-opens=java.base/java.util=ALL-UNNAMED
20-Nov-2023 21:59:41.811 信息 [main] org.apache.catalina.startup.VersionLoggerListener.log 命令行参数：       --add-opens=java.base/java.util.concurrent=ALL-UNNAMED
20-Nov-2023 21:59:41.811 信息 [main] org.apache.catalina.startup.VersionLoggerListener.log 命令行参数：       --add-opens=java.rmi/sun.rmi.transport=ALL-UNNAMED
20-Nov-2023 21:59:41.812 信息 [main] org.apache.catalina.startup.VersionLoggerListener.log 命令行参数：       -Dcatalina.home=C:\Program Files\Apache Software Foundation\Tomcat 9.0
20-Nov-2023 21:59:41.812 信息 [main] org.apache.catalina.startup.VersionLoggerListener.log 命令行参数：       -Dcatalina.base=C:\Users\86135\Desktop\javaee大作业\gymmanage
20-Nov-2023 21:59:41.812 信息 [main] org.apache.catalina.startup.VersionLoggerListener.log 命令行参数：       -Djava.io.tmpdir=C:\Users\86135\Desktop\javaee大作业\gymmanage\temp
20-Nov-2023 21:59:41.812 信息 [main] org.apache.catalina.startup.VersionLoggerListener.log 命令行参数：       -Djava.util.logging.config.file=C:\Users\86135\Desktop\javaee大作业\gymmanage\conf\logging.properties
20-Nov-2023 21:59:41.812 信息 [main] org.apache.catalina.startup.VersionLoggerListener.log 命令行参数：       -Djava.util.logging.manager=org.apache.juli.ClassLoaderLogManager
20-Nov-2023 21:59:41.812 信息 [main] org.apache.catalina.startup.VersionLoggerListener.log 命令行参数：       -javaagent:C:\Program Files\JetBrains\IntelliJ IDEA Community Edition 2023.2.1\lib\idea_rt.jar=53277:C:\Program Files\JetBrains\IntelliJ IDEA Community Edition 2023.2.1\bin
20-Nov-2023 21:59:41.812 信息 [main] org.apache.catalina.startup.VersionLoggerListener.log 命令行参数：       -Dfile.encoding=UTF-8
20-Nov-2023 21:59:41.844 信息 [main] org.apache.catalina.core.AprLifecycleListener.lifecycleEvent 在java.library.path:[C:\Program Files\Microsoft\jdk-11.0.16.101-hotspot\bin;C:\WINDOWS\Sun\Java\bin;C:\WINDOWS\system32;C:\WINDOWS;C:\Program Files\Microsoft\jdk-11.0.16.101-hotspot\bin;C:\Program Files\PlasticSCM5\server;C:\Program Files\PlasticSCM5\client;C:\Program Files (x86)\Common Files\Oracle\Java\javapath;C:\windows\system32;C:\windows;C:\windows\System32\Wbem;C:\windows\System32\WindowsPowerShell\v1.0\;C:\windows\System32\OpenSSH\;C:\Program Files (x86)\NVIDIA Corporation\PhysX\Common;C:\Program Files\NVIDIA Corporation\NVIDIA NvDLISR;C:\WINDOWS\system32;C:\WINDOWS;C:\WINDOWS\System32\Wbem;C:\WINDOWS\System32\WindowsPowerShell\v1.0\;C:\WINDOWS\System32\OpenSSH\;C:\Program Files\Java\jdk1.8.0_221\bin;C:\Program Files\Bandizip\;C:\Program Files\Microsoft SQL Server\150\Tools\Binn\;C:\Program Files\Microsoft SQL Server\Client SDK\ODBC\170\Tools\Binn\;C:\Program Files\dotnet\;\Users\86135\Desktop\mysql-8.0.34-winx64\bin;C:\Users\86135\Desktop\javaee学习\Git\cmd;C:\Users\86135\Desktop\人工智能大作业2\Scripts\;C:\Users\86135\Desktop\人工智能大作业2\;C:\Users\86135\AppData\Local\Microsoft\WindowsApps;C:\Users\86135\AppData\Local\Programs\Microsoft VS Code\bin;C:\Program Files (x86)\Tencent\QQGameTempest\Hall.57814\;C:\Program Files\JetBrains\PyCharm Community Edition 2022.3\bin;;C:\Users\86135\.dotnet\tools;C:\Program Files\JetBrains\IntelliJ IDEA Community Edition 2023.2.1\bin;;C:\Users\86135\AppData\Local\Android\Sdk\platform-tools;C:\Users\86135\AppData\Local\Android\Sdk\tools;C:\Users\86135\AppData\Local\GitHubDesktop\bin;.]上找不到基于APR的Apache Tomcat本机库，该库允许在生产环境中获得最佳性能
20-Nov-2023 21:59:42.181 信息 [main] org.apache.coyote.AbstractProtocol.init 初始化协议处理器 ["http-nio-8080"]
20-Nov-2023 21:59:42.204 信息 [main] org.apache.catalina.startup.Catalina.load 服务器在[805]毫秒内初始化
20-Nov-2023 21:59:42.272 信息 [main] org.apache.catalina.core.StandardService.startInternal 正在启动服务[Catalina]
20-Nov-2023 21:59:42.272 信息 [main] org.apache.catalina.core.StandardEngine.startInternal 正在启动 Servlet 引擎：[Apache Tomcat/9.0.54]
20-Nov-2023 21:59:42.285 信息 [main] org.apache.catalina.startup.HostConfig.deployDescriptor 正在部署部署描述符[C:\Users\86135\Desktop\javaee大作业\gymmanage\conf\Catalina\localhost\gymmanage.xml]。
20-Nov-2023 21:59:46.433 信息 [main] org.apache.jasper.servlet.TldScanner.scanJars 至少有一个JAR被扫描用于TLD但尚未包含TLD。 为此记录器启用调试日志记录，以获取已扫描但未在其中找到TLD的完整JAR列表。 在扫描期间跳过不需要的JAR可以缩短启动时间和JSP编译时间。
20-Nov-2023 21:59:46.999 警告 [main] org.apache.catalina.util.SessionIdGeneratorBase.createSecureRandom 使用[SHA1PRNG]创建会话ID生成的SecureRandom实例花费了[435]毫秒。
20-Nov-2023 21:59:47.020 信息 [main] org.apache.catalina.startup.HostConfig.deployDescriptor 部署描述符[C:\Users\86135\Desktop\javaee大作业\gymmanage\conf\Catalina\localhost\gymmanage.xml]的部署已在[4,736]ms内完成
20-Nov-2023 21:59:47.024 信息 [main] org.apache.coyote.AbstractProtocol.start 开始协议处理句柄["http-nio-8080"]
20-Nov-2023 21:59:47.471 信息 [main] org.apache.catalina.startup.Catalina.start [5267]毫秒后服务器启动
20-Nov-2023 22:07:34.302 信息 [Thread-2] org.apache.coyote.AbstractProtocol.pause 暂停ProtocolHandler["http-nio-8080"]
20-Nov-2023 22:07:34.727 信息 [Thread-2] org.apache.catalina.core.StandardService.stopInternal 正在停止服务[Catalina]
20-Nov-2023 22:07:34.745 警告 [Thread-2] org.apache.catalina.loader.WebappClassLoaderBase.clearReferencesObjectStreamClassCaches 无法清除web应用程序[gymmanage]的ObjectStreamClass$缓存中的软引用
	java.lang.ClassCastException: class java.io.ObjectStreamClass$Caches$1 cannot be cast to class java.util.Map (java.io.ObjectStreamClass$Caches$1 and java.util.Map are in module java.base of loader 'bootstrap')
		at org.apache.catalina.loader.WebappClassLoaderBase.clearCache(WebappClassLoaderBase.java:2325)
		at org.apache.catalina.loader.WebappClassLoaderBase.clearReferencesObjectStreamClassCaches(WebappClassLoaderBase.java:2300)
		at org.apache.catalina.loader.WebappClassLoaderBase.clearReferences(WebappClassLoaderBase.java:1669)
		at org.apache.catalina.loader.WebappClassLoaderBase.stop(WebappClassLoaderBase.java:1597)
		at org.apache.catalina.loader.WebappLoader.stopInternal(WebappLoader.java:463)
		at org.apache.catalina.util.LifecycleBase.stop(LifecycleBase.java:257)
		at org.apache.catalina.core.StandardContext.stopInternal(StandardContext.java:5515)
		at org.apache.catalina.util.LifecycleBase.stop(LifecycleBase.java:257)
		at org.apache.catalina.core.ContainerBase$StopChild.call(ContainerBase.java:1412)
		at org.apache.catalina.core.ContainerBase$StopChild.call(ContainerBase.java:1401)
		at java.base/java.util.concurrent.FutureTask.run(FutureTask.java:264)
		at org.apache.tomcat.util.threads.InlineExecutorService.execute(InlineExecutorService.java:75)
		at java.base/java.util.concurrent.AbstractExecutorService.submit(AbstractExecutorService.java:140)
		at org.apache.catalina.core.ContainerBase.stopInternal(ContainerBase.java:986)
		at org.apache.catalina.util.LifecycleBase.stop(LifecycleBase.java:257)
		at org.apache.catalina.core.ContainerBase$StopChild.call(ContainerBase.java:1412)
		at org.apache.catalina.core.ContainerBase$StopChild.call(ContainerBase.java:1401)
		at java.base/java.util.concurrent.FutureTask.run(FutureTask.java:264)
		at org.apache.tomcat.util.threads.InlineExecutorService.execute(InlineExecutorService.java:75)
		at java.base/java.util.concurrent.AbstractExecutorService.submit(AbstractExecutorService.java:140)
		at org.apache.catalina.core.ContainerBase.stopInternal(ContainerBase.java:986)
		at org.apache.catalina.util.LifecycleBase.stop(LifecycleBase.java:257)
		at org.apache.catalina.core.StandardService.stopInternal(StandardService.java:497)
		at org.apache.catalina.util.LifecycleBase.stop(LifecycleBase.java:257)
		at org.apache.catalina.core.StandardServer.stopInternal(StandardServer.java:979)
		at org.apache.catalina.util.LifecycleBase.stop(LifecycleBase.java:257)
		at org.apache.catalina.startup.Catalina.stop(Catalina.java:849)
		at org.apache.catalina.startup.Catalina$CatalinaShutdownHook.run(Catalina.java:996)
20-Nov-2023 22:07:34.752 信息 [Thread-2] org.apache.coyote.AbstractProtocol.stop 正在停止ProtocolHandler ["http-nio-8080"]
20-Nov-2023 22:07:34.774 信息 [Thread-2] org.apache.coyote.AbstractProtocol.destroy 正在摧毁协议处理器 ["http-nio-8080"]
20-Nov-2023 22:07:37.593 信息 [main] org.apache.catalina.startup.VersionLoggerListener.log Server.服务器版本: Apache Tomcat/9.0.54
20-Nov-2023 22:07:37.595 信息 [main] org.apache.catalina.startup.VersionLoggerListener.log 服务器构建:        Sep 28 2021 13:51:49 UTC
20-Nov-2023 22:07:37.595 信息 [main] org.apache.catalina.startup.VersionLoggerListener.log 服务器版本号:      9.0.54.0
20-Nov-2023 22:07:37.596 信息 [main] org.apache.catalina.startup.VersionLoggerListener.log 操作系统名称:      Windows 10
20-Nov-2023 22:07:37.596 信息 [main] org.apache.catalina.startup.VersionLoggerListener.log OS.版本:           10.0
20-Nov-2023 22:07:37.596 信息 [main] org.apache.catalina.startup.VersionLoggerListener.log 架构:              amd64
20-Nov-2023 22:07:37.596 信息 [main] org.apache.catalina.startup.VersionLoggerListener.log Java 环境变量:     C:\Program Files\Microsoft\jdk-11.0.16.101-hotspot
20-Nov-2023 22:07:37.596 信息 [main] org.apache.catalina.startup.VersionLoggerListener.log Java虚拟机版本:    11.0.16.1+1-LTS
20-Nov-2023 22:07:37.596 信息 [main] org.apache.catalina.startup.VersionLoggerListener.log JVM.供应商:        Microsoft
20-Nov-2023 22:07:37.596 信息 [main] org.apache.catalina.startup.VersionLoggerListener.log CATALINA_BASE:     C:\Users\86135\Desktop\javaee大作业\gymmanage
20-Nov-2023 22:07:37.596 信息 [main] org.apache.catalina.startup.VersionLoggerListener.log CATALINA_HOME:     C:\Program Files\Apache Software Foundation\Tomcat 9.0
20-Nov-2023 22:07:37.604 信息 [main] org.apache.catalina.startup.VersionLoggerListener.log 命令行参数：       --add-opens=java.base/java.lang=ALL-UNNAMED
20-Nov-2023 22:07:37.605 信息 [main] org.apache.catalina.startup.VersionLoggerListener.log 命令行参数：       --add-opens=java.base/java.io=ALL-UNNAMED
20-Nov-2023 22:07:37.605 信息 [main] org.apache.catalina.startup.VersionLoggerListener.log 命令行参数：       --add-opens=java.base/java.util=ALL-UNNAMED
20-Nov-2023 22:07:37.605 信息 [main] org.apache.catalina.startup.VersionLoggerListener.log 命令行参数：       --add-opens=java.base/java.util.concurrent=ALL-UNNAMED
20-Nov-2023 22:07:37.605 信息 [main] org.apache.catalina.startup.VersionLoggerListener.log 命令行参数：       --add-opens=java.rmi/sun.rmi.transport=ALL-UNNAMED
20-Nov-2023 22:07:37.605 信息 [main] org.apache.catalina.startup.VersionLoggerListener.log 命令行参数：       -Dcatalina.home=C:\Program Files\Apache Software Foundation\Tomcat 9.0
20-Nov-2023 22:07:37.606 信息 [main] org.apache.catalina.startup.VersionLoggerListener.log 命令行参数：       -Dcatalina.base=C:\Users\86135\Desktop\javaee大作业\gymmanage
20-Nov-2023 22:07:37.606 信息 [main] org.apache.catalina.startup.VersionLoggerListener.log 命令行参数：       -Djava.io.tmpdir=C:\Users\86135\Desktop\javaee大作业\gymmanage\temp
20-Nov-2023 22:07:37.606 信息 [main] org.apache.catalina.startup.VersionLoggerListener.log 命令行参数：       -Djava.util.logging.config.file=C:\Users\86135\Desktop\javaee大作业\gymmanage\conf\logging.properties
20-Nov-2023 22:07:37.606 信息 [main] org.apache.catalina.startup.VersionLoggerListener.log 命令行参数：       -Djava.util.logging.manager=org.apache.juli.ClassLoaderLogManager
20-Nov-2023 22:07:37.606 信息 [main] org.apache.catalina.startup.VersionLoggerListener.log 命令行参数：       -javaagent:C:\Program Files\JetBrains\IntelliJ IDEA Community Edition 2023.2.1\lib\idea_rt.jar=53640:C:\Program Files\JetBrains\IntelliJ IDEA Community Edition 2023.2.1\bin
20-Nov-2023 22:07:37.606 信息 [main] org.apache.catalina.startup.VersionLoggerListener.log 命令行参数：       -Dfile.encoding=UTF-8
20-Nov-2023 22:07:37.614 信息 [main] org.apache.catalina.core.AprLifecycleListener.lifecycleEvent 在java.library.path:[C:\Program Files\Microsoft\jdk-11.0.16.101-hotspot\bin;C:\WINDOWS\Sun\Java\bin;C:\WINDOWS\system32;C:\WINDOWS;C:\Program Files\Microsoft\jdk-11.0.16.101-hotspot\bin;C:\Program Files\PlasticSCM5\server;C:\Program Files\PlasticSCM5\client;C:\Program Files (x86)\Common Files\Oracle\Java\javapath;C:\windows\system32;C:\windows;C:\windows\System32\Wbem;C:\windows\System32\WindowsPowerShell\v1.0\;C:\windows\System32\OpenSSH\;C:\Program Files (x86)\NVIDIA Corporation\PhysX\Common;C:\Program Files\NVIDIA Corporation\NVIDIA NvDLISR;C:\WINDOWS\system32;C:\WINDOWS;C:\WINDOWS\System32\Wbem;C:\WINDOWS\System32\WindowsPowerShell\v1.0\;C:\WINDOWS\System32\OpenSSH\;C:\Program Files\Java\jdk1.8.0_221\bin;C:\Program Files\Bandizip\;C:\Program Files\Microsoft SQL Server\150\Tools\Binn\;C:\Program Files\Microsoft SQL Server\Client SDK\ODBC\170\Tools\Binn\;C:\Program Files\dotnet\;\Users\86135\Desktop\mysql-8.0.34-winx64\bin;C:\Users\86135\Desktop\javaee学习\Git\cmd;C:\Users\86135\Desktop\人工智能大作业2\Scripts\;C:\Users\86135\Desktop\人工智能大作业2\;C:\Users\86135\AppData\Local\Microsoft\WindowsApps;C:\Users\86135\AppData\Local\Programs\Microsoft VS Code\bin;C:\Program Files (x86)\Tencent\QQGameTempest\Hall.57814\;C:\Program Files\JetBrains\PyCharm Community Edition 2022.3\bin;;C:\Users\86135\.dotnet\tools;C:\Program Files\JetBrains\IntelliJ IDEA Community Edition 2023.2.1\bin;;C:\Users\86135\AppData\Local\Android\Sdk\platform-tools;C:\Users\86135\AppData\Local\Android\Sdk\tools;C:\Users\86135\AppData\Local\GitHubDesktop\bin;.]上找不到基于APR的Apache Tomcat本机库，该库允许在生产环境中获得最佳性能
20-Nov-2023 22:07:37.850 信息 [main] org.apache.coyote.AbstractProtocol.init 初始化协议处理器 ["http-nio-8080"]
20-Nov-2023 22:07:37.871 信息 [main] org.apache.catalina.startup.Catalina.load 服务器在[455]毫秒内初始化
20-Nov-2023 22:07:37.933 信息 [main] org.apache.catalina.core.StandardService.startInternal 正在启动服务[Catalina]
20-Nov-2023 22:07:37.933 信息 [main] org.apache.catalina.core.StandardEngine.startInternal 正在启动 Servlet 引擎：[Apache Tomcat/9.0.54]
20-Nov-2023 22:07:37.941 信息 [main] org.apache.catalina.startup.HostConfig.deployDescriptor 正在部署部署描述符[C:\Users\86135\Desktop\javaee大作业\gymmanage\conf\Catalina\localhost\gymmanage.xml]。
20-Nov-2023 22:07:42.501 信息 [main] org.apache.jasper.servlet.TldScanner.scanJars 至少有一个JAR被扫描用于TLD但尚未包含TLD。 为此记录器启用调试日志记录，以获取已扫描但未在其中找到TLD的完整JAR列表。 在扫描期间跳过不需要的JAR可以缩短启动时间和JSP编译时间。
20-Nov-2023 22:07:43.072 警告 [main] org.apache.catalina.util.SessionIdGeneratorBase.createSecureRandom 使用[SHA1PRNG]创建会话ID生成的SecureRandom实例花费了[434]毫秒。
20-Nov-2023 22:07:43.091 信息 [main] org.apache.catalina.startup.HostConfig.deployDescriptor 部署描述符[C:\Users\86135\Desktop\javaee大作业\gymmanage\conf\Catalina\localhost\gymmanage.xml]的部署已在[5,149]ms内完成
20-Nov-2023 22:07:43.094 信息 [main] org.apache.coyote.AbstractProtocol.start 开始协议处理句柄["http-nio-8080"]
20-Nov-2023 22:07:43.529 信息 [main] org.apache.catalina.startup.Catalina.start [5658]毫秒后服务器启动
20-Nov-2023 22:08:57.711 信息 [Thread-2] org.apache.coyote.AbstractProtocol.pause 暂停ProtocolHandler["http-nio-8080"]
20-Nov-2023 22:08:58.128 信息 [Thread-2] org.apache.catalina.core.StandardService.stopInternal 正在停止服务[Catalina]
20-Nov-2023 22:08:58.146 警告 [Thread-2] org.apache.catalina.loader.WebappClassLoaderBase.clearReferencesObjectStreamClassCaches 无法清除web应用程序[gymmanage]的ObjectStreamClass$缓存中的软引用
	java.lang.ClassCastException: class java.io.ObjectStreamClass$Caches$1 cannot be cast to class java.util.Map (java.io.ObjectStreamClass$Caches$1 and java.util.Map are in module java.base of loader 'bootstrap')
		at org.apache.catalina.loader.WebappClassLoaderBase.clearCache(WebappClassLoaderBase.java:2325)
		at org.apache.catalina.loader.WebappClassLoaderBase.clearReferencesObjectStreamClassCaches(WebappClassLoaderBase.java:2300)
		at org.apache.catalina.loader.WebappClassLoaderBase.clearReferences(WebappClassLoaderBase.java:1669)
		at org.apache.catalina.loader.WebappClassLoaderBase.stop(WebappClassLoaderBase.java:1597)
		at org.apache.catalina.loader.WebappLoader.stopInternal(WebappLoader.java:463)
		at org.apache.catalina.util.LifecycleBase.stop(LifecycleBase.java:257)
		at org.apache.catalina.core.StandardContext.stopInternal(StandardContext.java:5515)
		at org.apache.catalina.util.LifecycleBase.stop(LifecycleBase.java:257)
		at org.apache.catalina.core.ContainerBase$StopChild.call(ContainerBase.java:1412)
		at org.apache.catalina.core.ContainerBase$StopChild.call(ContainerBase.java:1401)
		at java.base/java.util.concurrent.FutureTask.run(FutureTask.java:264)
		at org.apache.tomcat.util.threads.InlineExecutorService.execute(InlineExecutorService.java:75)
		at java.base/java.util.concurrent.AbstractExecutorService.submit(AbstractExecutorService.java:140)
		at org.apache.catalina.core.ContainerBase.stopInternal(ContainerBase.java:986)
		at org.apache.catalina.util.LifecycleBase.stop(LifecycleBase.java:257)
		at org.apache.catalina.core.ContainerBase$StopChild.call(ContainerBase.java:1412)
		at org.apache.catalina.core.ContainerBase$StopChild.call(ContainerBase.java:1401)
		at java.base/java.util.concurrent.FutureTask.run(FutureTask.java:264)
		at org.apache.tomcat.util.threads.InlineExecutorService.execute(InlineExecutorService.java:75)
		at java.base/java.util.concurrent.AbstractExecutorService.submit(AbstractExecutorService.java:140)
		at org.apache.catalina.core.ContainerBase.stopInternal(ContainerBase.java:986)
		at org.apache.catalina.util.LifecycleBase.stop(LifecycleBase.java:257)
		at org.apache.catalina.core.StandardService.stopInternal(StandardService.java:497)
		at org.apache.catalina.util.LifecycleBase.stop(LifecycleBase.java:257)
		at org.apache.catalina.core.StandardServer.stopInternal(StandardServer.java:979)
		at org.apache.catalina.util.LifecycleBase.stop(LifecycleBase.java:257)
		at org.apache.catalina.startup.Catalina.stop(Catalina.java:849)
		at org.apache.catalina.startup.Catalina$CatalinaShutdownHook.run(Catalina.java:996)
20-Nov-2023 22:08:58.153 信息 [Thread-2] org.apache.coyote.AbstractProtocol.stop 正在停止ProtocolHandler ["http-nio-8080"]
20-Nov-2023 22:08:58.175 信息 [Thread-2] org.apache.coyote.AbstractProtocol.destroy 正在摧毁协议处理器 ["http-nio-8080"]
20-Nov-2023 22:09:11.927 信息 [main] org.apache.catalina.startup.VersionLoggerListener.log Server.服务器版本: Apache Tomcat/9.0.54
20-Nov-2023 22:09:11.930 信息 [main] org.apache.catalina.startup.VersionLoggerListener.log 服务器构建:        Sep 28 2021 13:51:49 UTC
20-Nov-2023 22:09:11.930 信息 [main] org.apache.catalina.startup.VersionLoggerListener.log 服务器版本号:      9.0.54.0
20-Nov-2023 22:09:11.930 信息 [main] org.apache.catalina.startup.VersionLoggerListener.log 操作系统名称:      Windows 10
20-Nov-2023 22:09:11.930 信息 [main] org.apache.catalina.startup.VersionLoggerListener.log OS.版本:           10.0
20-Nov-2023 22:09:11.930 信息 [main] org.apache.catalina.startup.VersionLoggerListener.log 架构:              amd64
20-Nov-2023 22:09:11.930 信息 [main] org.apache.catalina.startup.VersionLoggerListener.log Java 环境变量:     C:\Program Files\Microsoft\jdk-11.0.16.101-hotspot
20-Nov-2023 22:09:11.931 信息 [main] org.apache.catalina.startup.VersionLoggerListener.log Java虚拟机版本:    11.0.16.1+1-LTS
20-Nov-2023 22:09:11.931 信息 [main] org.apache.catalina.startup.VersionLoggerListener.log JVM.供应商:        Microsoft
20-Nov-2023 22:09:11.931 信息 [main] org.apache.catalina.startup.VersionLoggerListener.log CATALINA_BASE:     C:\Users\86135\Desktop\javaee大作业\gymmanage
20-Nov-2023 22:09:11.931 信息 [main] org.apache.catalina.startup.VersionLoggerListener.log CATALINA_HOME:     C:\Program Files\Apache Software Foundation\Tomcat 9.0
20-Nov-2023 22:09:11.940 信息 [main] org.apache.catalina.startup.VersionLoggerListener.log 命令行参数：       --add-opens=java.base/java.lang=ALL-UNNAMED
20-Nov-2023 22:09:11.940 信息 [main] org.apache.catalina.startup.VersionLoggerListener.log 命令行参数：       --add-opens=java.base/java.io=ALL-UNNAMED
20-Nov-2023 22:09:11.940 信息 [main] org.apache.catalina.startup.VersionLoggerListener.log 命令行参数：       --add-opens=java.base/java.util=ALL-UNNAMED
20-Nov-2023 22:09:11.941 信息 [main] org.apache.catalina.startup.VersionLoggerListener.log 命令行参数：       --add-opens=java.base/java.util.concurrent=ALL-UNNAMED
20-Nov-2023 22:09:11.941 信息 [main] org.apache.catalina.startup.VersionLoggerListener.log 命令行参数：       --add-opens=java.rmi/sun.rmi.transport=ALL-UNNAMED
20-Nov-2023 22:09:11.941 信息 [main] org.apache.catalina.startup.VersionLoggerListener.log 命令行参数：       -Dcatalina.home=C:\Program Files\Apache Software Foundation\Tomcat 9.0
20-Nov-2023 22:09:11.941 信息 [main] org.apache.catalina.startup.VersionLoggerListener.log 命令行参数：       -Dcatalina.base=C:\Users\86135\Desktop\javaee大作业\gymmanage
20-Nov-2023 22:09:11.941 信息 [main] org.apache.catalina.startup.VersionLoggerListener.log 命令行参数：       -Djava.io.tmpdir=C:\Users\86135\Desktop\javaee大作业\gymmanage\temp
20-Nov-2023 22:09:11.941 信息 [main] org.apache.catalina.startup.VersionLoggerListener.log 命令行参数：       -Djava.util.logging.config.file=C:\Users\86135\Desktop\javaee大作业\gymmanage\conf\logging.properties
20-Nov-2023 22:09:11.941 信息 [main] org.apache.catalina.startup.VersionLoggerListener.log 命令行参数：       -Djava.util.logging.manager=org.apache.juli.ClassLoaderLogManager
20-Nov-2023 22:09:11.941 信息 [main] org.apache.catalina.startup.VersionLoggerListener.log 命令行参数：       -javaagent:C:\Program Files\JetBrains\IntelliJ IDEA Community Edition 2023.2.1\lib\idea_rt.jar=53692:C:\Program Files\JetBrains\IntelliJ IDEA Community Edition 2023.2.1\bin
20-Nov-2023 22:09:11.941 信息 [main] org.apache.catalina.startup.VersionLoggerListener.log 命令行参数：       -Dfile.encoding=UTF-8
20-Nov-2023 22:09:11.948 信息 [main] org.apache.catalina.core.AprLifecycleListener.lifecycleEvent 在java.library.path:[C:\Program Files\Microsoft\jdk-11.0.16.101-hotspot\bin;C:\WINDOWS\Sun\Java\bin;C:\WINDOWS\system32;C:\WINDOWS;C:\Program Files\Microsoft\jdk-11.0.16.101-hotspot\bin;C:\Program Files\PlasticSCM5\server;C:\Program Files\PlasticSCM5\client;C:\Program Files (x86)\Common Files\Oracle\Java\javapath;C:\windows\system32;C:\windows;C:\windows\System32\Wbem;C:\windows\System32\WindowsPowerShell\v1.0\;C:\windows\System32\OpenSSH\;C:\Program Files (x86)\NVIDIA Corporation\PhysX\Common;C:\Program Files\NVIDIA Corporation\NVIDIA NvDLISR;C:\WINDOWS\system32;C:\WINDOWS;C:\WINDOWS\System32\Wbem;C:\WINDOWS\System32\WindowsPowerShell\v1.0\;C:\WINDOWS\System32\OpenSSH\;C:\Program Files\Java\jdk1.8.0_221\bin;C:\Program Files\Bandizip\;C:\Program Files\Microsoft SQL Server\150\Tools\Binn\;C:\Program Files\Microsoft SQL Server\Client SDK\ODBC\170\Tools\Binn\;C:\Program Files\dotnet\;\Users\86135\Desktop\mysql-8.0.34-winx64\bin;C:\Users\86135\Desktop\javaee学习\Git\cmd;C:\Users\86135\Desktop\人工智能大作业2\Scripts\;C:\Users\86135\Desktop\人工智能大作业2\;C:\Users\86135\AppData\Local\Microsoft\WindowsApps;C:\Users\86135\AppData\Local\Programs\Microsoft VS Code\bin;C:\Program Files (x86)\Tencent\QQGameTempest\Hall.57814\;C:\Program Files\JetBrains\PyCharm Community Edition 2022.3\bin;;C:\Users\86135\.dotnet\tools;C:\Program Files\JetBrains\IntelliJ IDEA Community Edition 2023.2.1\bin;;C:\Users\86135\AppData\Local\Android\Sdk\platform-tools;C:\Users\86135\AppData\Local\Android\Sdk\tools;C:\Users\86135\AppData\Local\GitHubDesktop\bin;.]上找不到基于APR的Apache Tomcat本机库，该库允许在生产环境中获得最佳性能
20-Nov-2023 22:09:12.202 信息 [main] org.apache.coyote.AbstractProtocol.init 初始化协议处理器 ["http-nio-8080"]
20-Nov-2023 22:09:12.222 信息 [main] org.apache.catalina.startup.Catalina.load 服务器在[493]毫秒内初始化
20-Nov-2023 22:09:12.302 信息 [main] org.apache.catalina.core.StandardService.startInternal 正在启动服务[Catalina]
20-Nov-2023 22:09:12.302 信息 [main] org.apache.catalina.core.StandardEngine.startInternal 正在启动 Servlet 引擎：[Apache Tomcat/9.0.54]
20-Nov-2023 22:09:12.331 信息 [main] org.apache.catalina.startup.HostConfig.deployDescriptor 正在部署部署描述符[C:\Users\86135\Desktop\javaee大作业\gymmanage\conf\Catalina\localhost\gymmanage.xml]。
20-Nov-2023 22:09:16.860 信息 [main] org.apache.jasper.servlet.TldScanner.scanJars 至少有一个JAR被扫描用于TLD但尚未包含TLD。 为此记录器启用调试日志记录，以获取已扫描但未在其中找到TLD的完整JAR列表。 在扫描期间跳过不需要的JAR可以缩短启动时间和JSP编译时间。
20-Nov-2023 22:09:17.431 警告 [main] org.apache.catalina.util.SessionIdGeneratorBase.createSecureRandom 使用[SHA1PRNG]创建会话ID生成的SecureRandom实例花费了[435]毫秒。
20-Nov-2023 22:09:17.449 信息 [main] org.apache.catalina.startup.HostConfig.deployDescriptor 部署描述符[C:\Users\86135\Desktop\javaee大作业\gymmanage\conf\Catalina\localhost\gymmanage.xml]的部署已在[5,118]ms内完成
20-Nov-2023 22:09:17.453 信息 [main] org.apache.coyote.AbstractProtocol.start 开始协议处理句柄["http-nio-8080"]
20-Nov-2023 22:09:17.892 信息 [main] org.apache.catalina.startup.Catalina.start [5669]毫秒后服务器启动
20-Nov-2023 22:12:46.630 信息 [Thread-2] org.apache.coyote.AbstractProtocol.pause 暂停ProtocolHandler["http-nio-8080"]
20-Nov-2023 22:12:47.058 信息 [Thread-2] org.apache.catalina.core.StandardService.stopInternal 正在停止服务[Catalina]
20-Nov-2023 22:12:47.081 警告 [Thread-2] org.apache.catalina.loader.WebappClassLoaderBase.clearReferencesObjectStreamClassCaches 无法清除web应用程序[gymmanage]的ObjectStreamClass$缓存中的软引用
	java.lang.ClassCastException: class java.io.ObjectStreamClass$Caches$1 cannot be cast to class java.util.Map (java.io.ObjectStreamClass$Caches$1 and java.util.Map are in module java.base of loader 'bootstrap')
		at org.apache.catalina.loader.WebappClassLoaderBase.clearCache(WebappClassLoaderBase.java:2325)
		at org.apache.catalina.loader.WebappClassLoaderBase.clearReferencesObjectStreamClassCaches(WebappClassLoaderBase.java:2300)
		at org.apache.catalina.loader.WebappClassLoaderBase.clearReferences(WebappClassLoaderBase.java:1669)
		at org.apache.catalina.loader.WebappClassLoaderBase.stop(WebappClassLoaderBase.java:1597)
		at org.apache.catalina.loader.WebappLoader.stopInternal(WebappLoader.java:463)
		at org.apache.catalina.util.LifecycleBase.stop(LifecycleBase.java:257)
		at org.apache.catalina.core.StandardContext.stopInternal(StandardContext.java:5515)
		at org.apache.catalina.util.LifecycleBase.stop(LifecycleBase.java:257)
		at org.apache.catalina.core.ContainerBase$StopChild.call(ContainerBase.java:1412)
		at org.apache.catalina.core.ContainerBase$StopChild.call(ContainerBase.java:1401)
		at java.base/java.util.concurrent.FutureTask.run(FutureTask.java:264)
		at org.apache.tomcat.util.threads.InlineExecutorService.execute(InlineExecutorService.java:75)
		at java.base/java.util.concurrent.AbstractExecutorService.submit(AbstractExecutorService.java:140)
		at org.apache.catalina.core.ContainerBase.stopInternal(ContainerBase.java:986)
		at org.apache.catalina.util.LifecycleBase.stop(LifecycleBase.java:257)
		at org.apache.catalina.core.ContainerBase$StopChild.call(ContainerBase.java:1412)
		at org.apache.catalina.core.ContainerBase$StopChild.call(ContainerBase.java:1401)
		at java.base/java.util.concurrent.FutureTask.run(FutureTask.java:264)
		at org.apache.tomcat.util.threads.InlineExecutorService.execute(InlineExecutorService.java:75)
		at java.base/java.util.concurrent.AbstractExecutorService.submit(AbstractExecutorService.java:140)
		at org.apache.catalina.core.ContainerBase.stopInternal(ContainerBase.java:986)
		at org.apache.catalina.util.LifecycleBase.stop(LifecycleBase.java:257)
		at org.apache.catalina.core.StandardService.stopInternal(StandardService.java:497)
		at org.apache.catalina.util.LifecycleBase.stop(LifecycleBase.java:257)
		at org.apache.catalina.core.StandardServer.stopInternal(StandardServer.java:979)
		at org.apache.catalina.util.LifecycleBase.stop(LifecycleBase.java:257)
		at org.apache.catalina.startup.Catalina.stop(Catalina.java:849)
		at org.apache.catalina.startup.Catalina$CatalinaShutdownHook.run(Catalina.java:996)
20-Nov-2023 22:12:47.087 信息 [Thread-2] org.apache.coyote.AbstractProtocol.stop 正在停止ProtocolHandler ["http-nio-8080"]
20-Nov-2023 22:12:47.105 信息 [Thread-2] org.apache.coyote.AbstractProtocol.destroy 正在摧毁协议处理器 ["http-nio-8080"]
